mode: set
github.com/fusion-gateway/fusion-gateway/internal/admin/ui/embed.go:13.29,15.19 2 0
github.com/fusion-gateway/fusion-gateway/internal/admin/ui/embed.go:15.19,16.19 1 0
github.com/fusion-gateway/fusion-gateway/internal/admin/ui/embed.go:18.5,19.74 2 0
github.com/fusion-gateway/fusion-gateway/internal/admin/ui/embed.go:19.74,21.63 2 0
github.com/fusion-gateway/fusion-gateway/internal/admin/ui/embed.go:21.63,22.82 1 0
github.com/fusion-gateway/fusion-gateway/internal/admin/ui/embed.go:22.82,24.14 1 0
github.com/fusion-gateway/fusion-gateway/internal/admin/ui/embed.go:26.9,26.35 1 0
github.com/fusion-gateway/fusion-gateway/internal/store/redis/store.go:33.72,40.50 3 0
github.com/fusion-gateway/fusion-gateway/internal/store/redis/store.go:40.50,42.6 1 0
github.com/fusion-gateway/fusion-gateway/internal/store/redis/store.go:43.5,44.54 2 0
github.com/fusion-gateway/fusion-gateway/internal/store/redis/store.go:47.36,49.2 1 0
github.com/fusion-gateway/fusion-gateway/internal/store/redis/store.go:53.61,55.19 2 0
github.com/fusion-gateway/fusion-gateway/internal/store/redis/store.go:55.19,57.6 1 0
github.com/fusion-gateway/fusion-gateway/internal/store/redis/store.go:58.5,66.15 6 0
github.com/fusion-gateway/fusion-gateway/internal/store/redis/store.go:69.90,72.32 3 0
github.com/fusion-gateway/fusion-gateway/internal/store/redis/store.go:72.32,74.6 1 0
github.com/fusion-gateway/fusion-gateway/internal/store/redis/store.go:75.5,75.30 1 0
github.com/fusion-gateway/fusion-gateway/internal/store/redis/store.go:75.30,77.6 1 0
github.com/fusion-gateway/fusion-gateway/internal/store/redis/store.go:78.5,86.19 2 0
github.com/fusion-gateway/fusion-gateway/internal/store/redis/store.go:86.19,88.6 1 0
github.com/fusion-gateway/fusion-gateway/internal/store/redis/store.go:89.5,91.28 3 0
github.com/fusion-gateway/fusion-gateway/internal/store/redis/store.go:91.28,93.23 2 0
github.com/fusion-gateway/fusion-gateway/internal/store/redis/store.go:93.23,94.21 1 0
github.com/fusion-gateway/fusion-gateway/internal/store/redis/store.go:96.9,97.56 2 0
github.com/fusion-gateway/fusion-gateway/internal/store/redis/store.go:97.56,98.21 1 0
github.com/fusion-gateway/fusion-gateway/internal/store/redis/store.go:100.9,100.32 1 0
github.com/fusion-gateway/fusion-gateway/internal/store/redis/store.go:102.5,102.33 1 0
github.com/fusion-gateway/fusion-gateway/internal/store/redis/store.go:105.67,107.19 2 0
github.com/fusion-gateway/fusion-gateway/internal/store/redis/store.go:107.19,109.6 1 0
github.com/fusion-gateway/fusion-gateway/internal/store/redis/store.go:110.5,111.52 2 0
github.com/fusion-gateway/fusion-gateway/internal/store/redis/store.go:111.52,113.6 1 0
github.com/fusion-gateway/fusion-gateway/internal/store/redis/store.go:114.5,114.19 1 0
github.com/fusion-gateway/fusion-gateway/internal/store/redis/store.go:117.88,119.19 2 0
github.com/fusion-gateway/fusion-gateway/internal/store/redis/store.go:119.19,121.6 1 0
github.com/fusion-gateway/fusion-gateway/internal/store/redis/store.go:122.5,122.30 1 0
github.com/fusion-gateway/fusion-gateway/internal/store/redis/store.go:127.63,129.19 2 0
github.com/fusion-gateway/fusion-gateway/internal/store/redis/store.go:129.19,131.6 1 0
github.com/fusion-gateway/fusion-gateway/internal/store/redis/store.go:132.5,133.28 2 0
github.com/fusion-gateway/fusion-gateway/internal/store/redis/store.go:133.28,135.23 2 0
github.com/fusion-gateway/fusion-gateway/internal/store/redis/store.go:135.23,136.21 1 0
github.com/fusion-gateway/fusion-gateway/internal/store/redis/store.go:138.9,139.60 2 0
github.com/fusion-gateway/fusion-gateway/internal/store/redis/store.go:139.60,140.21 1 0
github.com/fusion-gateway/fusion-gateway/internal/store/redis/store.go:142.9,142.40 1 0
github.com/fusion-gateway/fusion-gateway/internal/store/redis/store.go:144.5,144.23 1 0
github.com/fusion-gateway/fusion-gateway/internal/store/redis/store.go:147.70,149.19 2 0
github.com/fusion-gateway/fusion-gateway/internal/store/redis/store.go:149.19,151.6 1 0
github.com/fusion-gateway/fusion-gateway/internal/store/redis/store.go:152.5,153.56 2 0
github.com/fusion-gateway/fusion-gateway/internal/store/redis/store.go:153.56,155.6 1 0
github.com/fusion-gateway/fusion-gateway/internal/store/redis/store.go:156.5,156.23 1 0
github.com/fusion-gateway/fusion-gateway/internal/store/redis/store.go:159.62,161.19 2 0
github.com/fusion-gateway/fusion-gateway/internal/store/redis/store.go:161.19,163.6 1 0
github.com/fusion-gateway/fusion-gateway/internal/store/redis/store.go:164.5,164.69 1 0
github.com/fusion-gateway/fusion-gateway/internal/store/redis/store.go:167.62,169.2 1 0
github.com/fusion-gateway/fusion-gateway/internal/store/redis/store.go:171.51,173.2 1 0
github.com/fusion-gateway/fusion-gateway/internal/store/redis/store.go:177.68,179.19 2 0
github.com/fusion-gateway/fusion-gateway/internal/store/redis/store.go:179.19,181.6 1 0
github.com/fusion-gateway/fusion-gateway/internal/store/redis/store.go:182.5,183.28 2 0
github.com/fusion-gateway/fusion-gateway/internal/store/redis/store.go:183.28,185.23 2 0
github.com/fusion-gateway/fusion-gateway/internal/store/redis/store.go:185.23,186.21 1 0
github.com/fusion-gateway/fusion-gateway/internal/store/redis/store.go:188.9,189.60 2 0
github.com/fusion-gateway/fusion-gateway/internal/store/redis/store.go:189.60,190.21 1 0
github.com/fusion-gateway/fusion-gateway/internal/store/redis/store.go:192.9,192.40 1 0
github.com/fusion-gateway/fusion-gateway/internal/store/redis/store.go:194.5,194.23 1 0
github.com/fusion-gateway/fusion-gateway/internal/store/redis/store.go:197.75,199.19 2 0
github.com/fusion-gateway/fusion-gateway/internal/store/redis/store.go:199.19,201.6 1 0
github.com/fusion-gateway/fusion-gateway/internal/store/redis/store.go:202.5,203.56 2 0
github.com/fusion-gateway/fusion-gateway/internal/store/redis/store.go:203.56,205.6 1 0
github.com/fusion-gateway/fusion-gateway/internal/store/redis/store.go:206.5,206.23 1 0
github.com/fusion-gateway/fusion-gateway/internal/store/redis/store.go:209.66,211.19 2 0
github.com/fusion-gateway/fusion-gateway/internal/store/redis/store.go:211.19,213.6 1 0
github.com/fusion-gateway/fusion-gateway/internal/store/redis/store.go:214.5,214.69 1 0
github.com/fusion-gateway/fusion-gateway/internal/store/redis/store.go:217.66,219.2 1 0
github.com/fusion-gateway/fusion-gateway/internal/store/redis/store.go:221.55,223.2 1 0
github.com/fusion-gateway/fusion-gateway/internal/store/redis/store.go:227.100,229.2 1 0
github.com/fusion-gateway/fusion-gateway/internal/store/redis/store.go:231.98,233.2 1 0
github.com/fusion-gateway/fusion-gateway/internal/store/redis/store.go:235.84,237.2 1 0
github.com/fusion-gateway/fusion-gateway/internal/store/redis/store.go:239.88,241.2 1 0
github.com/fusion-gateway/fusion-gateway/internal/store/redis/store.go:243.84,245.2 1 0
github.com/fusion-gateway/fusion-gateway/internal/store/redis/store.go:247.79,249.2 1 0
github.com/fusion-gateway/fusion-gateway/internal/store/redis/store.go:251.92,253.2 1 0
github.com/fusion-gateway/fusion-gateway/internal/store/redis/store.go:257.97,259.20 2 0
github.com/fusion-gateway/fusion-gateway/internal/store/redis/store.go:259.20,261.6 1 0
github.com/fusion-gateway/fusion-gateway/internal/store/redis/store.go:262.5,262.79 1 0
github.com/fusion-gateway/fusion-gateway/internal/store/redis/store.go:265.72,267.19 2 0
github.com/fusion-gateway/fusion-gateway/internal/store/redis/store.go:267.19,269.6 1 0
github.com/fusion-gateway/fusion-gateway/internal/store/redis/store.go:270.5,272.28 3 0
github.com/fusion-gateway/fusion-gateway/internal/store/redis/store.go:277.57,279.19 2 0
github.com/fusion-gateway/fusion-gateway/internal/store/redis/store.go:279.19,281.6 1 0
github.com/fusion-gateway/fusion-gateway/internal/store/redis/store.go:282.5,282.66 1 0
github.com/fusion-gateway/fusion-gateway/internal/store/redis/store.go:285.62,287.19 2 0
github.com/fusion-gateway/fusion-gateway/internal/store/redis/store.go:287.19,289.6 1 0
github.com/fusion-gateway/fusion-gateway/internal/store/redis/store.go:290.5,291.55 2 0
github.com/fusion-gateway/fusion-gateway/internal/store/redis/store.go:291.55,293.6 1 0
github.com/fusion-gateway/fusion-gateway/internal/store/redis/store.go:294.5,294.22 1 0
github.com/fusion-gateway/fusion-gateway/internal/store/redis/store.go:297.57,299.19 2 0
github.com/fusion-gateway/fusion-gateway/internal/store/redis/store.go:299.19,301.6 1 0
github.com/fusion-gateway/fusion-gateway/internal/store/redis/store.go:302.5,303.28 2 0
github.com/fusion-gateway/fusion-gateway/internal/store/redis/store.go:303.28,305.23 2 0
github.com/fusion-gateway/fusion-gateway/internal/store/redis/store.go:305.23,306.21 1 0
github.com/fusion-gateway/fusion-gateway/internal/store/redis/store.go:308.9,309.59 2 0
github.com/fusion-gateway/fusion-gateway/internal/store/redis/store.go:309.59,310.21 1 0
github.com/fusion-gateway/fusion-gateway/internal/store/redis/store.go:312.9,312.39 1 0
github.com/fusion-gateway/fusion-gateway/internal/store/redis/store.go:314.5,314.23 1 0
github.com/fusion-gateway/fusion-gateway/internal/store/redis/store.go:317.57,319.2 1 0
github.com/fusion-gateway/fusion-gateway/internal/store/redis/store.go:321.50,323.2 1 0
github.com/fusion-gateway/fusion-gateway/internal/store/redis/store.go:325.65,327.2 1 0
github.com/fusion-gateway/fusion-gateway/internal/store/redis/store.go:329.71,331.19 2 0
github.com/fusion-gateway/fusion-gateway/internal/store/redis/store.go:331.19,333.6 1 0
github.com/fusion-gateway/fusion-gateway/internal/store/redis/store.go:334.5,334.29 1 0
github.com/fusion-gateway/fusion-gateway/internal/store/redis/store.go:337.69,339.19 2 0
github.com/fusion-gateway/fusion-gateway/internal/store/redis/store.go:339.19,341.6 1 0
github.com/fusion-gateway/fusion-gateway/internal/store/redis/store.go:342.5,345.30 4 0
github.com/fusion-gateway/fusion-gateway/internal/store/redis/store.go:348.94,350.19 2 0
github.com/fusion-gateway/fusion-gateway/internal/store/redis/store.go:350.19,352.6 1 0
github.com/fusion-gateway/fusion-gateway/internal/store/redis/store.go:353.5,353.82 1 0
github.com/fusion-gateway/fusion-gateway/internal/store/redis/store.go:356.71,358.19 2 0
github.com/fusion-gateway/fusion-gateway/internal/store/redis/store.go:358.19,360.6 1 0
github.com/fusion-gateway/fusion-gateway/internal/store/redis/store.go:361.5,363.30 3 0
github.com/fusion-gateway/fusion-gateway/internal/store/redis/store.go:366.68,368.19 2 0
github.com/fusion-gateway/fusion-gateway/internal/store/redis/store.go:368.19,370.6 1 0
github.com/fusion-gateway/fusion-gateway/internal/store/redis/store.go:371.5,371.36 1 0
github.com/fusion-gateway/fusion-gateway/internal/store/redis/store.go:371.36,372.31 1 0
github.com/fusion-gateway/fusion-gateway/internal/store/redis/store.go:372.31,374.18 2 0
github.com/fusion-gateway/fusion-gateway/internal/store/redis/store.go:377.5,378.30 2 0
github.com/fusion-gateway/fusion-gateway/internal/store/redis/store.go:383.63,385.19 2 0
github.com/fusion-gateway/fusion-gateway/internal/store/redis/store.go:385.19,387.6 1 0
github.com/fusion-gateway/fusion-gateway/internal/store/redis/store.go:388.5,388.64 1 0
github.com/fusion-gateway/fusion-gateway/internal/store/redis/store.go:391.69,393.19 2 0
github.com/fusion-gateway/fusion-gateway/internal/store/redis/store.go:393.19,395.6 1 0
github.com/fusion-gateway/fusion-gateway/internal/store/redis/store.go:396.5,397.54 2 0
github.com/fusion-gateway/fusion-gateway/internal/store/redis/store.go:397.54,399.6 1 0
github.com/fusion-gateway/fusion-gateway/internal/store/redis/store.go:400.5,400.21 1 0
github.com/fusion-gateway/fusion-gateway/internal/store/redis/store.go:403.64,405.19 2 0
github.com/fusion-gateway/fusion-gateway/internal/store/redis/store.go:405.19,407.6 1 0
github.com/fusion-gateway/fusion-gateway/internal/store/redis/store.go:408.5,409.28 2 0
github.com/fusion-gateway/fusion-gateway/internal/store/redis/store.go:409.28,411.23 2 0
github.com/fusion-gateway/fusion-gateway/internal/store/redis/store.go:411.23,412.21 1 0
github.com/fusion-gateway/fusion-gateway/internal/store/redis/store.go:414.9,415.58 2 0
github.com/fusion-gateway/fusion-gateway/internal/store/redis/store.go:415.58,416.21 1 0
github.com/fusion-gateway/fusion-gateway/internal/store/redis/store.go:418.9,418.38 1 0
github.com/fusion-gateway/fusion-gateway/internal/store/redis/store.go:420.5,420.23 1 0
github.com/fusion-gateway/fusion-gateway/internal/store/redis/store.go:423.49,425.2 1 0
github.com/fusion-gateway/fusion-gateway/internal/store/redis/store.go:429.112,442.19 4 0
github.com/fusion-gateway/fusion-gateway/internal/store/redis/store.go:442.19,444.6 1 0
github.com/fusion-gateway/fusion-gateway/internal/store/redis/store.go:445.5,445.78 1 0
github.com/fusion-gateway/fusion-gateway/internal/store/redis/store.go:445.78,447.6 1 0
github.com/fusion-gateway/fusion-gateway/internal/store/redis/store.go:448.5,449.18 2 0
github.com/fusion-gateway/fusion-gateway/internal/store/redis/store.go:452.64,454.19 2 0
github.com/fusion-gateway/fusion-gateway/internal/store/redis/store.go:454.19,456.6 1 0
github.com/fusion-gateway/fusion-gateway/internal/store/redis/store.go:457.5,458.52 2 0
github.com/fusion-gateway/fusion-gateway/internal/store/redis/store.go:458.52,460.6 1 0
github.com/fusion-gateway/fusion-gateway/internal/store/redis/store.go:461.5,461.19 1 0
github.com/fusion-gateway/fusion-gateway/internal/store/redis/store.go:464.60,466.19 2 0
github.com/fusion-gateway/fusion-gateway/internal/store/redis/store.go:466.19,468.6 1 0
github.com/fusion-gateway/fusion-gateway/internal/store/redis/store.go:469.5,470.28 2 0
github.com/fusion-gateway/fusion-gateway/internal/store/redis/store.go:470.28,472.23 2 0
github.com/fusion-gateway/fusion-gateway/internal/store/redis/store.go:472.23,473.21 1 0
github.com/fusion-gateway/fusion-gateway/internal/store/redis/store.go:475.9,476.56 2 0
github.com/fusion-gateway/fusion-gateway/internal/store/redis/store.go:476.56,477.21 1 0
github.com/fusion-gateway/fusion-gateway/internal/store/redis/store.go:479.9,479.36 1 0
github.com/fusion-gateway/fusion-gateway/internal/store/redis/store.go:481.5,481.23 1 0
github.com/fusion-gateway/fusion-gateway/internal/store/redis/store.go:484.67,486.19 2 0
github.com/fusion-gateway/fusion-gateway/internal/store/redis/store.go:486.19,488.6 1 0
github.com/fusion-gateway/fusion-gateway/internal/store/redis/store.go:489.5,489.89 1 0
github.com/fusion-gateway/fusion-gateway/internal/store/redis/store.go:489.89,491.6 1 0
github.com/fusion-gateway/fusion-gateway/internal/store/redis/store.go:492.5,495.44 4 0
github.com/fusion-gateway/fusion-gateway/internal/store/redis/store.go:495.44,497.6 1 0
github.com/fusion-gateway/fusion-gateway/internal/store/redis/store.go:498.5,498.18 1 0
github.com/fusion-gateway/fusion-gateway/internal/store/redis/store.go:501.60,503.19 2 0
github.com/fusion-gateway/fusion-gateway/internal/store/redis/store.go:503.19,505.6 1 0
github.com/fusion-gateway/fusion-gateway/internal/store/redis/store.go:506.5,506.68 1 0
github.com/fusion-gateway/fusion-gateway/internal/store/redis/store.go:511.125,523.19 3 0
github.com/fusion-gateway/fusion-gateway/internal/store/redis/store.go:523.19,525.6 1 0
github.com/fusion-gateway/fusion-gateway/internal/store/redis/store.go:526.5,534.15 6 0
github.com/fusion-gateway/fusion-gateway/internal/store/redis/store.go:537.81,539.19 2 0
github.com/fusion-gateway/fusion-gateway/internal/store/redis/store.go:539.19,541.6 1 0
github.com/fusion-gateway/fusion-gateway/internal/store/redis/store.go:542.5,547.28 2 0
github.com/fusion-gateway/fusion-gateway/internal/store/redis/store.go:547.28,549.23 2 0
github.com/fusion-gateway/fusion-gateway/internal/store/redis/store.go:549.23,550.21 1 0
github.com/fusion-gateway/fusion-gateway/internal/store/redis/store.go:552.9,553.58 2 0
github.com/fusion-gateway/fusion-gateway/internal/store/redis/store.go:553.58,554.21 1 0
github.com/fusion-gateway/fusion-gateway/internal/store/redis/store.go:556.9,556.52 1 0
github.com/fusion-gateway/fusion-gateway/internal/store/redis/store.go:556.52,557.21 1 0
github.com/fusion-gateway/fusion-gateway/internal/store/redis/store.go:559.9,564.26 6 0
github.com/fusion-gateway/fusion-gateway/internal/store/redis/store.go:566.5,566.18 1 0
github.com/fusion-gateway/fusion-gateway/internal/store/redis/store.go:569.70,571.2 1 0
github.com/fusion-gateway/fusion-gateway/internal/server/server.go:69.4,71.2 1 0
github.com/fusion-gateway/fusion-gateway/internal/server/server.go:73.41,75.2 1 0
github.com/fusion-gateway/fusion-gateway/internal/server/server.go:77.39,79.2 1 0
github.com/fusion-gateway/fusion-gateway/internal/server/server.go:81.49,85.2 3 0
github.com/fusion-gateway/fusion-gateway/internal/server/server.go:94.11,96.36 2 0
github.com/fusion-gateway/fusion-gateway/internal/server/server.go:96.36,103.6 2 0
github.com/fusion-gateway/fusion-gateway/internal/server/server.go:104.5,108.66 4 0
github.com/fusion-gateway/fusion-gateway/internal/server/server.go:108.66,110.6 1 0
github.com/fusion-gateway/fusion-gateway/internal/server/server.go:113.5,115.27 3 0
github.com/fusion-gateway/fusion-gateway/internal/server/server.go:115.27,117.6 1 0
github.com/fusion-gateway/fusion-gateway/internal/server/server.go:118.5,118.25 1 0
github.com/fusion-gateway/fusion-gateway/internal/server/server.go:119.18,121.23 2 0
github.com/fusion-gateway/fusion-gateway/internal/server/server.go:121.23,124.10 2 0
github.com/fusion-gateway/fusion-gateway/internal/server/server.go:124.15,126.27 2 0
github.com/fusion-gateway/fusion-gateway/internal/server/server.go:126.27,129.14 2 0
github.com/fusion-gateway/fusion-gateway/internal/server/server.go:129.19,132.14 2 0
github.com/fusion-gateway/fusion-gateway/internal/server/server.go:134.13,136.40 2 0
github.com/fusion-gateway/fusion-gateway/internal/server/server.go:139.5,145.19 2 0
github.com/fusion-gateway/fusion-gateway/internal/server/server.go:145.19,147.6 1 0
github.com/fusion-gateway/fusion-gateway/internal/server/server.go:150.5,158.19 2 0
github.com/fusion-gateway/fusion-gateway/internal/server/server.go:158.19,160.6 1 0
github.com/fusion-gateway/fusion-gateway/internal/server/server.go:161.5,161.27 1 0
github.com/fusion-gateway/fusion-gateway/internal/server/server.go:161.27,163.6 1 0
github.com/fusion-gateway/fusion-gateway/internal/server/server.go:166.5,167.60 2 0
github.com/fusion-gateway/fusion-gateway/internal/server/server.go:167.60,169.23 2 0
github.com/fusion-gateway/fusion-gateway/internal/server/server.go:169.23,171.10 1 0
github.com/fusion-gateway/fusion-gateway/internal/server/server.go:171.15,171.42 1 0
github.com/fusion-gateway/fusion-gateway/internal/server/server.go:171.42,173.10 1 0
github.com/fusion-gateway/fusion-gateway/internal/server/server.go:175.5,175.28 1 0
github.com/fusion-gateway/fusion-gateway/internal/server/server.go:175.28,177.6 1 0
github.com/fusion-gateway/fusion-gateway/internal/server/server.go:179.5,200.6 1 0
github.com/fusion-gateway/fusion-gateway/internal/server/server.go:203.32,248.64 34 0
github.com/fusion-gateway/fusion-gateway/internal/server/server.go:248.64,254.6 4 0
github.com/fusion-gateway/fusion-gateway/internal/server/server.go:257.5,257.40 1 0
github.com/fusion-gateway/fusion-gateway/internal/server/server.go:257.40,264.6 6 0
github.com/fusion-gateway/fusion-gateway/internal/server/server.go:266.5,278.41 4 0
github.com/fusion-gateway/fusion-gateway/internal/server/server.go:281.54,283.30 2 0
github.com/fusion-gateway/fusion-gateway/internal/server/server.go:283.30,284.51 1 0
github.com/fusion-gateway/fusion-gateway/internal/server/server.go:284.51,286.10 1 0
github.com/fusion-gateway/fusion-gateway/internal/server/server.go:288.5,288.38 1 0
github.com/fusion-gateway/fusion-gateway/internal/server/server.go:291.76,292.57 1 0
github.com/fusion-gateway/fusion-gateway/internal/server/server.go:292.57,313.47 14 0
github.com/fusion-gateway/fusion-gateway/internal/server/server.go:313.47,315.10 1 0
github.com/fusion-gateway/fusion-gateway/internal/server/server.go:316.9,317.72 2 0
github.com/fusion-gateway/fusion-gateway/internal/server/server.go:322.41,337.42 4 0
github.com/fusion-gateway/fusion-gateway/internal/server/server.go:337.42,338.28 1 0
github.com/fusion-gateway/fusion-gateway/internal/server/server.go:338.28,340.10 1 0
github.com/fusion-gateway/fusion-gateway/internal/server/server.go:340.15,343.61 3 0
github.com/fusion-gateway/fusion-gateway/internal/server/server.go:343.61,345.14 1 0
github.com/fusion-gateway/fusion-gateway/internal/server/server.go:348.5,348.24 1 0
github.com/fusion-gateway/fusion-gateway/internal/server/server.go:348.24,349.57 1 0
github.com/fusion-gateway/fusion-gateway/internal/server/server.go:349.57,349.72 1 0
github.com/fusion-gateway/fusion-gateway/internal/server/server.go:351.5,352.33 2 0
github.com/fusion-gateway/fusion-gateway/internal/server/server.go:356.72,360.2 3 0
github.com/fusion-gateway/fusion-gateway/internal/server/server.go:363.75,364.57 1 0
github.com/fusion-gateway/fusion-gateway/internal/server/server.go:364.57,366.28 2 0
github.com/fusion-gateway/fusion-gateway/internal/server/server.go:366.28,370.10 3 0
github.com/fusion-gateway/fusion-gateway/internal/server/server.go:371.9,372.32 2 0
github.com/fusion-gateway/fusion-gateway/internal/server/server.go:372.32,376.10 3 0
github.com/fusion-gateway/fusion-gateway/internal/server/server.go:377.9,377.22 1 0
github.com/fusion-gateway/fusion-gateway/internal/server/server.go:381.80,382.36 1 0
github.com/fusion-gateway/fusion-gateway/internal/server/server.go:382.36,385.6 2 0
github.com/fusion-gateway/fusion-gateway/internal/server/server.go:387.5,388.25 2 0
github.com/fusion-gateway/fusion-gateway/internal/server/server.go:388.25,390.6 1 0
github.com/fusion-gateway/fusion-gateway/internal/server/server.go:391.5,392.19 2 0
github.com/fusion-gateway/fusion-gateway/internal/server/server.go:392.19,395.6 2 0
github.com/fusion-gateway/fusion-gateway/internal/server/server.go:396.5,399.54 3 0
github.com/fusion-gateway/fusion-gateway/internal/server/server.go:399.54,403.6 3 0
github.com/fusion-gateway/fusion-gateway/internal/server/server.go:405.5,407.54 2 0
github.com/fusion-gateway/fusion-gateway/internal/server/server.go:407.54,411.6 3 0
github.com/fusion-gateway/fusion-gateway/internal/server/server.go:413.5,416.31 2 0
github.com/fusion-gateway/fusion-gateway/internal/server/server.go:416.31,418.17 2 0
github.com/fusion-gateway/fusion-gateway/internal/server/server.go:418.17,422.10 3 0
github.com/fusion-gateway/fusion-gateway/internal/server/server.go:425.5,426.19 2 0
github.com/fusion-gateway/fusion-gateway/internal/server/server.go:426.19,429.6 2 0
github.com/fusion-gateway/fusion-gateway/internal/server/server.go:431.5,451.29 8 0
github.com/fusion-gateway/fusion-gateway/internal/server/server.go:452.30,454.16 2 0
github.com/fusion-gateway/fusion-gateway/internal/server/server.go:454.16,457.10 2 0
github.com/fusion-gateway/fusion-gateway/internal/server/server.go:458.9,458.21 1 0
github.com/fusion-gateway/fusion-gateway/internal/server/server.go:460.32,461.63 1 0
github.com/fusion-gateway/fusion-gateway/internal/server/server.go:461.63,466.32 3 0
github.com/fusion-gateway/fusion-gateway/internal/server/server.go:466.32,468.14 1 0
github.com/fusion-gateway/fusion-gateway/internal/server/server.go:469.15,471.20 2 0
github.com/fusion-gateway/fusion-gateway/internal/server/server.go:471.20,476.36 3 0
github.com/fusion-gateway/fusion-gateway/internal/server/server.go:476.36,478.18 1 0
github.com/fusion-gateway/fusion-gateway/internal/server/server.go:479.19,486.14 2 0
github.com/fusion-gateway/fusion-gateway/internal/server/server.go:489.13,491.28 2 0
github.com/fusion-gateway/fusion-gateway/internal/server/server.go:491.28,493.10 1 0
github.com/fusion-gateway/fusion-gateway/internal/server/server.go:496.5,496.66 1 0
github.com/fusion-gateway/fusion-gateway/internal/server/server.go:496.66,498.6 1 0
github.com/fusion-gateway/fusion-gateway/internal/server/server.go:500.5,502.19 2 0
github.com/fusion-gateway/fusion-gateway/internal/server/server.go:502.19,504.6 1 0
github.com/fusion-gateway/fusion-gateway/internal/server/server.go:504.11,506.6 1 0
github.com/fusion-gateway/fusion-gateway/internal/server/server.go:509.137,511.54 2 0
github.com/fusion-gateway/fusion-gateway/internal/server/server.go:511.54,514.6 2 0
github.com/fusion-gateway/fusion-gateway/internal/server/server.go:515.5,515.27 1 0
github.com/fusion-gateway/fusion-gateway/internal/server/server.go:515.27,517.6 1 0
github.com/fusion-gateway/fusion-gateway/internal/server/server.go:518.5,518.27 1 0
github.com/fusion-gateway/fusion-gateway/internal/server/server.go:518.27,520.6 1 0
github.com/fusion-gateway/fusion-gateway/internal/server/server.go:523.5,523.93 1 0
github.com/fusion-gateway/fusion-gateway/internal/server/server.go:523.93,525.53 2 0
github.com/fusion-gateway/fusion-gateway/internal/server/server.go:525.53,526.46 1 0
github.com/fusion-gateway/fusion-gateway/internal/server/server.go:526.46,527.45 1 0
github.com/fusion-gateway/fusion-gateway/internal/server/server.go:527.45,529.18 1 0
github.com/fusion-gateway/fusion-gateway/internal/server/server.go:532.9,532.39 1 0
github.com/fusion-gateway/fusion-gateway/internal/server/server.go:532.39,534.31 2 0
github.com/fusion-gateway/fusion-gateway/internal/server/server.go:534.31,537.14 2 0
github.com/fusion-gateway/fusion-gateway/internal/server/server.go:541.5,541.113 1 0
github.com/fusion-gateway/fusion-gateway/internal/server/server.go:541.113,542.84 1 0
github.com/fusion-gateway/fusion-gateway/internal/server/server.go:542.84,549.10 2 0
github.com/fusion-gateway/fusion-gateway/internal/server/server.go:552.5,553.12 2 0
github.com/fusion-gateway/fusion-gateway/internal/server/server.go:553.12,556.6 2 0
github.com/fusion-gateway/fusion-gateway/internal/server/server.go:557.5,557.13 1 0
github.com/fusion-gateway/fusion-gateway/internal/server/server.go:560.211,562.19 2 0
github.com/fusion-gateway/fusion-gateway/internal/server/server.go:562.19,568.6 5 0
github.com/fusion-gateway/fusion-gateway/internal/server/server.go:570.5,585.27 14 0
github.com/fusion-gateway/fusion-gateway/internal/server/server.go:585.27,586.67 1 0
github.com/fusion-gateway/fusion-gateway/internal/server/server.go:586.67,588.10 1 0
github.com/fusion-gateway/fusion-gateway/internal/server/server.go:589.9,593.27 4 0
github.com/fusion-gateway/fusion-gateway/internal/server/server.go:593.27,601.25 7 0
github.com/fusion-gateway/fusion-gateway/internal/server/server.go:601.25,603.14 1 0
github.com/fusion-gateway/fusion-gateway/internal/server/server.go:606.13,611.35 6 0
github.com/fusion-gateway/fusion-gateway/internal/server/server.go:611.35,616.29 5 0
github.com/fusion-gateway/fusion-gateway/internal/server/server.go:616.29,618.18 1 0
github.com/fusion-gateway/fusion-gateway/internal/server/server.go:619.17,619.23 1 0
github.com/fusion-gateway/fusion-gateway/internal/server/server.go:622.13,629.44 2 0
github.com/fusion-gateway/fusion-gateway/internal/server/server.go:629.44,636.14 2 0
github.com/fusion-gateway/fusion-gateway/internal/server/server.go:638.13,640.25 3 0
github.com/fusion-gateway/fusion-gateway/internal/server/server.go:640.25,642.14 1 0
github.com/fusion-gateway/fusion-gateway/internal/server/server.go:643.13,643.19 1 0
github.com/fusion-gateway/fusion-gateway/internal/server/server.go:646.9,647.23 2 0
github.com/fusion-gateway/fusion-gateway/internal/server/server.go:647.23,649.21 2 0
github.com/fusion-gateway/fusion-gateway/internal/server/server.go:652.9,653.21 2 0
github.com/fusion-gateway/fusion-gateway/internal/server/server.go:653.21,655.10 1 0
github.com/fusion-gateway/fusion-gateway/internal/server/server.go:659.5,659.21 1 0
github.com/fusion-gateway/fusion-gateway/internal/server/server.go:659.21,674.21 4 0
github.com/fusion-gateway/fusion-gateway/internal/server/server.go:674.21,676.10 1 0
github.com/fusion-gateway/fusion-gateway/internal/server/server.go:679.5,680.17 2 0
github.com/fusion-gateway/fusion-gateway/internal/server/server.go:680.17,682.6 1 0
github.com/fusion-gateway/fusion-gateway/internal/server/server.go:684.5,685.17 2 0
github.com/fusion-gateway/fusion-gateway/internal/server/server.go:685.17,687.6 1 0
github.com/fusion-gateway/fusion-gateway/internal/server/server.go:687.11,689.6 1 0
github.com/fusion-gateway/fusion-gateway/internal/server/server.go:690.5,695.67 4 0
github.com/fusion-gateway/fusion-gateway/internal/server/server.go:695.67,702.6 6 0
github.com/fusion-gateway/fusion-gateway/internal/server/server.go:705.5,705.32 1 0
github.com/fusion-gateway/fusion-gateway/internal/server/server.go:705.32,707.6 1 0
github.com/fusion-gateway/fusion-gateway/internal/server/server.go:710.5,710.29 1 0
github.com/fusion-gateway/fusion-gateway/internal/server/server.go:710.29,713.47 3 0
github.com/fusion-gateway/fusion-gateway/internal/server/server.go:713.47,715.10 1 0
github.com/fusion-gateway/fusion-gateway/internal/server/server.go:716.9,716.109 1 0
github.com/fusion-gateway/fusion-gateway/internal/server/server.go:720.214,723.23 2 0
github.com/fusion-gateway/fusion-gateway/internal/server/server.go:723.23,725.52 2 0
github.com/fusion-gateway/fusion-gateway/internal/server/server.go:725.52,733.10 7 0
github.com/fusion-gateway/fusion-gateway/internal/server/server.go:737.5,737.96 1 0
github.com/fusion-gateway/fusion-gateway/internal/server/server.go:737.96,739.6 1 0
github.com/fusion-gateway/fusion-gateway/internal/server/server.go:740.5,743.19 3 0
github.com/fusion-gateway/fusion-gateway/internal/server/server.go:743.19,749.97 4 0
github.com/fusion-gateway/fusion-gateway/internal/server/server.go:749.97,751.40 2 0
github.com/fusion-gateway/fusion-gateway/internal/server/server.go:751.40,757.39 3 0
github.com/fusion-gateway/fusion-gateway/internal/server/server.go:757.39,762.64 5 0
github.com/fusion-gateway/fusion-gateway/internal/server/server.go:762.64,764.22 1 0
github.com/fusion-gateway/fusion-gateway/internal/server/server.go:765.21,767.83 2 0
github.com/fusion-gateway/fusion-gateway/internal/server/server.go:767.83,774.22 6 0
github.com/fusion-gateway/fusion-gateway/internal/server/server.go:775.21,775.48 1 0
github.com/fusion-gateway/fusion-gateway/internal/server/server.go:775.48,777.22 1 0
github.com/fusion-gateway/fusion-gateway/internal/server/server.go:778.21,778.45 1 0
github.com/fusion-gateway/fusion-gateway/internal/server/server.go:778.45,781.63 3 0
github.com/fusion-gateway/fusion-gateway/internal/server/server.go:781.63,783.26 1 0
github.com/fusion-gateway/fusion-gateway/internal/server/server.go:784.25,784.131 1 0
github.com/fusion-gateway/fusion-gateway/internal/server/server.go:786.21,786.57 1 0
github.com/fusion-gateway/fusion-gateway/internal/server/server.go:786.57,787.98 1 0
github.com/fusion-gateway/fusion-gateway/internal/server/server.go:787.98,789.26 1 0
github.com/fusion-gateway/fusion-gateway/internal/server/server.go:791.21,794.39 4 0
github.com/fusion-gateway/fusion-gateway/internal/server/server.go:794.39,796.22 1 0
github.com/fusion-gateway/fusion-gateway/internal/server/server.go:797.21,798.27 2 0
github.com/fusion-gateway/fusion-gateway/internal/server/server.go:800.17,800.83 1 0
github.com/fusion-gateway/fusion-gateway/internal/server/server.go:804.9,805.15 2 0
github.com/fusion-gateway/fusion-gateway/internal/server/server.go:808.5,812.40 5 0
github.com/fusion-gateway/fusion-gateway/internal/server/server.go:812.40,814.6 1 0
github.com/fusion-gateway/fusion-gateway/internal/server/server.go:815.5,818.67 2 0
github.com/fusion-gateway/fusion-gateway/internal/server/server.go:818.67,825.6 6 0
github.com/fusion-gateway/fusion-gateway/internal/server/server.go:828.5,828.32 1 0
github.com/fusion-gateway/fusion-gateway/internal/server/server.go:828.32,830.6 1 0
github.com/fusion-gateway/fusion-gateway/internal/server/server.go:833.5,833.29 1 0
github.com/fusion-gateway/fusion-gateway/internal/server/server.go:833.29,836.47 3 0
github.com/fusion-gateway/fusion-gateway/internal/server/server.go:836.47,838.10 1 0
github.com/fusion-gateway/fusion-gateway/internal/server/server.go:839.9,839.124 1 0
github.com/fusion-gateway/fusion-gateway/internal/server/server.go:843.5,843.41 1 0
github.com/fusion-gateway/fusion-gateway/internal/server/server.go:843.41,844.74 1 0
github.com/fusion-gateway/fusion-gateway/internal/server/server.go:844.74,846.10 1 0
github.com/fusion-gateway/fusion-gateway/internal/server/server.go:849.5,852.23 4 0
github.com/fusion-gateway/fusion-gateway/internal/server/server.go:852.23,854.6 1 0
github.com/fusion-gateway/fusion-gateway/internal/server/server.go:855.5,855.40 1 0
github.com/fusion-gateway/fusion-gateway/internal/server/server.go:858.75,859.36 1 0
github.com/fusion-gateway/fusion-gateway/internal/server/server.go:859.36,862.6 2 0
github.com/fusion-gateway/fusion-gateway/internal/server/server.go:864.5,865.64 2 0
github.com/fusion-gateway/fusion-gateway/internal/server/server.go:865.64,868.6 2 0
github.com/fusion-gateway/fusion-gateway/internal/server/server.go:870.5,873.54 3 0
github.com/fusion-gateway/fusion-gateway/internal/server/server.go:873.54,877.6 3 0
github.com/fusion-gateway/fusion-gateway/internal/server/server.go:880.5,895.96 5 0
github.com/fusion-gateway/fusion-gateway/internal/server/server.go:895.96,896.65 1 0
github.com/fusion-gateway/fusion-gateway/internal/server/server.go:896.65,898.27 2 0
github.com/fusion-gateway/fusion-gateway/internal/server/server.go:898.27,903.14 4 0
github.com/fusion-gateway/fusion-gateway/internal/server/server.go:904.13,907.14 1 0
github.com/fusion-gateway/fusion-gateway/internal/server/server.go:912.5,913.29 2 0
github.com/fusion-gateway/fusion-gateway/internal/server/server.go:914.30,916.23 2 0
github.com/fusion-gateway/fusion-gateway/internal/server/server.go:916.23,919.10 2 0
github.com/fusion-gateway/fusion-gateway/internal/server/server.go:920.9,920.21 1 0
github.com/fusion-gateway/fusion-gateway/internal/server/server.go:922.32,923.63 1 0
github.com/fusion-gateway/fusion-gateway/internal/server/server.go:923.63,924.76 1 0
github.com/fusion-gateway/fusion-gateway/internal/server/server.go:924.76,926.14 1 0
github.com/fusion-gateway/fusion-gateway/internal/server/server.go:928.9,928.28 1 0
github.com/fusion-gateway/fusion-gateway/internal/server/server.go:928.28,930.25 2 0
github.com/fusion-gateway/fusion-gateway/internal/server/server.go:930.25,932.14 1 0
github.com/fusion-gateway/fusion-gateway/internal/server/server.go:933.13,933.25 1 0
github.com/fusion-gateway/fusion-gateway/internal/server/server.go:936.13,938.21 2 0
github.com/fusion-gateway/fusion-gateway/internal/server/server.go:938.21,940.10 1 0
github.com/fusion-gateway/fusion-gateway/internal/server/server.go:941.9,941.21 1 0
github.com/fusion-gateway/fusion-gateway/internal/server/server.go:944.5,946.19 3 0
github.com/fusion-gateway/fusion-gateway/internal/server/server.go:946.19,951.6 4 0
github.com/fusion-gateway/fusion-gateway/internal/server/server.go:953.5,957.32 3 0
github.com/fusion-gateway/fusion-gateway/internal/server/server.go:957.32,959.6 1 0
github.com/fusion-gateway/fusion-gateway/internal/server/server.go:960.5,960.29 1 0
github.com/fusion-gateway/fusion-gateway/internal/server/server.go:960.29,963.47 3 0
github.com/fusion-gateway/fusion-gateway/internal/server/server.go:963.47,965.10 1 0
github.com/fusion-gateway/fusion-gateway/internal/server/server.go:966.9,966.88 1 0
github.com/fusion-gateway/fusion-gateway/internal/server/server.go:969.5,971.40 3 0
github.com/fusion-gateway/fusion-gateway/internal/server/server.go:974.71,975.36 1 0
github.com/fusion-gateway/fusion-gateway/internal/server/server.go:975.36,978.6 2 0
github.com/fusion-gateway/fusion-gateway/internal/server/server.go:980.5,981.64 2 0
github.com/fusion-gateway/fusion-gateway/internal/server/server.go:981.64,984.6 2 0
github.com/fusion-gateway/fusion-gateway/internal/server/server.go:986.5,988.54 2 0
github.com/fusion-gateway/fusion-gateway/internal/server/server.go:988.54,992.6 3 0
github.com/fusion-gateway/fusion-gateway/internal/server/server.go:994.5,1008.29 6 0
github.com/fusion-gateway/fusion-gateway/internal/server/server.go:1009.30,1011.23 2 0
github.com/fusion-gateway/fusion-gateway/internal/server/server.go:1011.23,1014.10 2 0
github.com/fusion-gateway/fusion-gateway/internal/server/server.go:1015.9,1015.21 1 0
github.com/fusion-gateway/fusion-gateway/internal/server/server.go:1017.32,1018.63 1 0
github.com/fusion-gateway/fusion-gateway/internal/server/server.go:1018.63,1019.76 1 0
github.com/fusion-gateway/fusion-gateway/internal/server/server.go:1019.76,1021.14 1 0
github.com/fusion-gateway/fusion-gateway/internal/server/server.go:1023.9,1023.28 1 0
github.com/fusion-gateway/fusion-gateway/internal/server/server.go:1023.28,1025.25 2 0
github.com/fusion-gateway/fusion-gateway/internal/server/server.go:1025.25,1027.14 1 0
github.com/fusion-gateway/fusion-gateway/internal/server/server.go:1028.13,1028.25 1 0
github.com/fusion-gateway/fusion-gateway/internal/server/server.go:1031.13,1033.21 2 0
github.com/fusion-gateway/fusion-gateway/internal/server/server.go:1033.21,1035.10 1 0
github.com/fusion-gateway/fusion-gateway/internal/server/server.go:1036.9,1036.21 1 0
github.com/fusion-gateway/fusion-gateway/internal/server/server.go:1039.5,1041.19 3 0
github.com/fusion-gateway/fusion-gateway/internal/server/server.go:1041.19,1047.6 5 0
github.com/fusion-gateway/fusion-gateway/internal/server/server.go:1049.5,1055.32 5 0
github.com/fusion-gateway/fusion-gateway/internal/server/server.go:1055.32,1057.6 1 0
github.com/fusion-gateway/fusion-gateway/internal/server/server.go:1058.5,1058.29 1 0
github.com/fusion-gateway/fusion-gateway/internal/server/server.go:1058.29,1061.47 3 0
github.com/fusion-gateway/fusion-gateway/internal/server/server.go:1061.47,1063.10 1 0
github.com/fusion-gateway/fusion-gateway/internal/server/server.go:1064.9,1064.98 1 0
github.com/fusion-gateway/fusion-gateway/internal/server/server.go:1067.5,1069.40 3 0
github.com/fusion-gateway/fusion-gateway/internal/server/server.go:1072.73,1073.65 1 0
github.com/fusion-gateway/fusion-gateway/internal/server/server.go:1073.65,1076.6 2 0
github.com/fusion-gateway/fusion-gateway/internal/server/server.go:1078.5,1079.25 2 0
github.com/fusion-gateway/fusion-gateway/internal/server/server.go:1079.25,1082.6 2 0
github.com/fusion-gateway/fusion-gateway/internal/server/server.go:1084.5,1092.62 4 0
github.com/fusion-gateway/fusion-gateway/internal/server/server.go:1095.71,1099.49 3 0
github.com/fusion-gateway/fusion-gateway/internal/server/server.go:1099.49,1101.16 2 0
github.com/fusion-gateway/fusion-gateway/internal/server/server.go:1101.16,1102.21 1 0
github.com/fusion-gateway/fusion-gateway/internal/server/server.go:1104.9,1105.23 2 0
github.com/fusion-gateway/fusion-gateway/internal/server/server.go:1105.23,1107.21 2 0
github.com/fusion-gateway/fusion-gateway/internal/server/server.go:1109.9,1109.42 1 0
github.com/fusion-gateway/fusion-gateway/internal/server/server.go:1109.42,1112.10 2 0
github.com/fusion-gateway/fusion-gateway/internal/server/server.go:1115.5,1119.7 2 0
github.com/fusion-gateway/fusion-gateway/internal/server/server.go:1122.71,1123.36 1 0
github.com/fusion-gateway/fusion-gateway/internal/server/server.go:1123.36,1126.6 2 0
github.com/fusion-gateway/fusion-gateway/internal/server/server.go:1128.5,1129.25 2 0
github.com/fusion-gateway/fusion-gateway/internal/server/server.go:1129.25,1131.6 1 0
github.com/fusion-gateway/fusion-gateway/internal/server/server.go:1132.5,1133.19 2 0
github.com/fusion-gateway/fusion-gateway/internal/server/server.go:1133.19,1136.6 2 0
github.com/fusion-gateway/fusion-gateway/internal/server/server.go:1137.5,1140.54 3 0
github.com/fusion-gateway/fusion-gateway/internal/server/server.go:1140.54,1144.6 3 0
github.com/fusion-gateway/fusion-gateway/internal/server/server.go:1146.5,1146.19 1 0
github.com/fusion-gateway/fusion-gateway/internal/server/server.go:1146.19,1148.6 1 0
github.com/fusion-gateway/fusion-gateway/internal/server/server.go:1150.5,1151.27 2 0
github.com/fusion-gateway/fusion-gateway/internal/server/server.go:1151.27,1153.6 1 0
github.com/fusion-gateway/fusion-gateway/internal/server/server.go:1155.5,1156.12 2 0
github.com/fusion-gateway/fusion-gateway/internal/server/server.go:1156.12,1159.6 2 0
github.com/fusion-gateway/fusion-gateway/internal/server/server.go:1161.5,1164.12 2 0
github.com/fusion-gateway/fusion-gateway/internal/server/server.go:1164.12,1167.6 2 0
github.com/fusion-gateway/fusion-gateway/internal/server/server.go:1169.5,1171.19 3 0
github.com/fusion-gateway/fusion-gateway/internal/server/server.go:1171.19,1175.6 3 0
github.com/fusion-gateway/fusion-gateway/internal/server/server.go:1177.5,1177.75 1 0
github.com/fusion-gateway/fusion-gateway/internal/server/server.go:1177.75,1182.6 4 0
github.com/fusion-gateway/fusion-gateway/internal/server/server.go:1184.5,1191.40 3 0
github.com/fusion-gateway/fusion-gateway/internal/server/server.go:1194.71,1197.33 3 0
github.com/fusion-gateway/fusion-gateway/internal/server/server.go:1197.33,1198.23 1 0
github.com/fusion-gateway/fusion-gateway/internal/server/server.go:1198.23,1200.18 2 0
github.com/fusion-gateway/fusion-gateway/internal/server/server.go:1205.5,1209.7 2 0
github.com/fusion-gateway/fusion-gateway/internal/server/server.go:1212.72,1215.2 2 0
github.com/fusion-gateway/fusion-gateway/internal/server/server.go:1217.71,1222.19 4 0
github.com/fusion-gateway/fusion-gateway/internal/server/server.go:1222.19,1223.50 1 0
github.com/fusion-gateway/fusion-gateway/internal/server/server.go:1223.50,1224.54 1 0
github.com/fusion-gateway/fusion-gateway/internal/server/server.go:1224.54,1227.14 2 0
github.com/fusion-gateway/fusion-gateway/internal/server/server.go:1228.15,1231.10 2 0
github.com/fusion-gateway/fusion-gateway/internal/server/server.go:1232.11,1234.6 1 0
github.com/fusion-gateway/fusion-gateway/internal/server/server.go:1237.5,1237.19 1 0
github.com/fusion-gateway/fusion-gateway/internal/server/server.go:1237.19,1239.73 2 0
github.com/fusion-gateway/fusion-gateway/internal/server/server.go:1239.73,1241.73 2 0
github.com/fusion-gateway/fusion-gateway/internal/server/server.go:1241.73,1244.14 2 0
github.com/fusion-gateway/fusion-gateway/internal/server/server.go:1247.9,1247.49 1 0
github.com/fusion-gateway/fusion-gateway/internal/server/server.go:1247.49,1249.77 2 0
github.com/fusion-gateway/fusion-gateway/internal/server/server.go:1249.77,1252.14 2 0
github.com/fusion-gateway/fusion-gateway/internal/server/server.go:1255.9,1256.30 2 0
github.com/fusion-gateway/fusion-gateway/internal/server/server.go:1256.30,1259.10 2 0
github.com/fusion-gateway/fusion-gateway/internal/server/server.go:1262.5,1263.57 2 0
github.com/fusion-gateway/fusion-gateway/internal/server/server.go:1263.57,1264.80 1 0
github.com/fusion-gateway/fusion-gateway/internal/server/server.go:1264.80,1265.54 1 0
github.com/fusion-gateway/fusion-gateway/internal/server/server.go:1265.54,1267.14 1 0
github.com/fusion-gateway/fusion-gateway/internal/server/server.go:1271.5,1271.35 1 0
github.com/fusion-gateway/fusion-gateway/internal/server/server.go:1271.35,1279.6 4 0
github.com/fusion-gateway/fusion-gateway/internal/server/server.go:1281.5,1282.20 2 0
github.com/fusion-gateway/fusion-gateway/internal/server/server.go:1282.20,1284.6 1 0
github.com/fusion-gateway/fusion-gateway/internal/server/server.go:1286.5,1292.7 3 0
github.com/fusion-gateway/fusion-gateway/internal/server/server.go:1295.70,1298.2 2 0
github.com/fusion-gateway/fusion-gateway/internal/server/server.go:1300.71,1305.18 4 0
github.com/fusion-gateway/fusion-gateway/internal/server/server.go:1305.18,1307.6 1 0
github.com/fusion-gateway/fusion-gateway/internal/server/server.go:1309.5,1328.34 2 0
github.com/fusion-gateway/fusion-gateway/internal/server/server.go:1328.34,1330.6 1 0
github.com/fusion-gateway/fusion-gateway/internal/server/server.go:1332.5,1333.42 2 0
github.com/fusion-gateway/fusion-gateway/internal/server/server.go:1336.72,1337.36 1 0
github.com/fusion-gateway/fusion-gateway/internal/server/server.go:1337.36,1340.6 2 0
github.com/fusion-gateway/fusion-gateway/internal/server/server.go:1342.5,1343.12 2 0
github.com/fusion-gateway/fusion-gateway/internal/server/server.go:1343.12,1346.6 2 0
github.com/fusion-gateway/fusion-gateway/internal/server/server.go:1348.5,1349.12 2 0
github.com/fusion-gateway/fusion-gateway/internal/server/server.go:1349.12,1352.6 2 0
github.com/fusion-gateway/fusion-gateway/internal/server/server.go:1354.5,1354.36 1 0
github.com/fusion-gateway/fusion-gateway/internal/server/server.go:1354.36,1359.6 4 0
github.com/fusion-gateway/fusion-gateway/internal/server/server.go:1361.5,1363.47 3 0
github.com/fusion-gateway/fusion-gateway/internal/server/server.go:1366.77,1367.36 1 0
github.com/fusion-gateway/fusion-gateway/internal/server/server.go:1367.36,1370.6 2 0
github.com/fusion-gateway/fusion-gateway/internal/server/server.go:1371.5,1372.73 2 0
github.com/fusion-gateway/fusion-gateway/internal/server/server.go:1375.81,1379.36 3 0
github.com/fusion-gateway/fusion-gateway/internal/server/server.go:1379.36,1383.23 2 0
github.com/fusion-gateway/fusion-gateway/internal/server/server.go:1383.23,1385.10 1 0
github.com/fusion-gateway/fusion-gateway/internal/server/server.go:1386.9,1386.33 1 0
github.com/fusion-gateway/fusion-gateway/internal/server/server.go:1386.33,1387.46 1 0
github.com/fusion-gateway/fusion-gateway/internal/server/server.go:1387.46,1388.66 1 0
github.com/fusion-gateway/fusion-gateway/internal/server/server.go:1388.66,1390.18 1 0
github.com/fusion-gateway/fusion-gateway/internal/server/server.go:1393.9,1393.29 1 0
github.com/fusion-gateway/fusion-gateway/internal/server/server.go:1396.5,1396.18 1 0
github.com/fusion-gateway/fusion-gateway/internal/server/server.go:1399.89,1408.2 1 0
github.com/fusion-gateway/fusion-gateway/internal/server/server.go:1410.69,1411.35 1 0
github.com/fusion-gateway/fusion-gateway/internal/server/server.go:1411.35,1414.6 2 0
github.com/fusion-gateway/fusion-gateway/internal/server/server.go:1416.5,1416.29 1 0
github.com/fusion-gateway/fusion-gateway/internal/server/server.go:1416.29,1419.6 2 0
github.com/fusion-gateway/fusion-gateway/internal/server/server.go:1421.5,1423.22 3 0
github.com/fusion-gateway/fusion-gateway/internal/server/server.go:1423.22,1425.6 1 0
github.com/fusion-gateway/fusion-gateway/internal/server/server.go:1425.11,1427.6 1 0
github.com/fusion-gateway/fusion-gateway/internal/server/server.go:1429.5,1430.43 2 0
github.com/fusion-gateway/fusion-gateway/internal/server/server.go:1433.76,1434.36 1 0
github.com/fusion-gateway/fusion-gateway/internal/server/server.go:1434.36,1437.6 2 0
github.com/fusion-gateway/fusion-gateway/internal/server/server.go:1440.5,1449.70 2 0
github.com/fusion-gateway/fusion-gateway/internal/server/server.go:1449.70,1452.6 2 0
github.com/fusion-gateway/fusion-gateway/internal/server/server.go:1454.5,1472.58 4 0
github.com/fusion-gateway/fusion-gateway/internal/server/server.go:1472.58,1476.6 3 0
github.com/fusion-gateway/fusion-gateway/internal/server/server.go:1478.5,1480.19 3 0
github.com/fusion-gateway/fusion-gateway/internal/server/server.go:1480.19,1483.6 2 0
github.com/fusion-gateway/fusion-gateway/internal/server/server.go:1485.5,1503.29 8 0
github.com/fusion-gateway/fusion-gateway/internal/server/server.go:1504.30,1506.16 2 0
github.com/fusion-gateway/fusion-gateway/internal/server/server.go:1506.16,1509.10 2 0
github.com/fusion-gateway/fusion-gateway/internal/server/server.go:1510.9,1510.21 1 0
github.com/fusion-gateway/fusion-gateway/internal/server/server.go:1511.13,1513.28 2 0
github.com/fusion-gateway/fusion-gateway/internal/server/server.go:1513.28,1515.10 1 0
github.com/fusion-gateway/fusion-gateway/internal/server/server.go:1518.5,1520.23 2 0
github.com/fusion-gateway/fusion-gateway/internal/server/server.go:1520.23,1522.6 1 0
github.com/fusion-gateway/fusion-gateway/internal/server/server.go:1522.11,1524.6 1 0
github.com/fusion-gateway/fusion-gateway/internal/server/server.go:1527.64,1529.34 2 0
github.com/fusion-gateway/fusion-gateway/internal/server/server.go:1529.34,1530.48 1 0
github.com/fusion-gateway/fusion-gateway/internal/server/server.go:1530.48,1532.10 1 0
github.com/fusion-gateway/fusion-gateway/internal/server/server.go:1534.5,1534.14 1 0
github.com/fusion-gateway/fusion-gateway/internal/server/server.go:1537.40,1538.16 1 0
github.com/fusion-gateway/fusion-gateway/internal/server/server.go:1538.16,1540.6 1 0
github.com/fusion-gateway/fusion-gateway/internal/server/server.go:1541.5,1541.22 1 0
github.com/fusion-gateway/fusion-gateway/internal/server/server.go:1544.36,1545.19 1 0
github.com/fusion-gateway/fusion-gateway/internal/server/server.go:1545.19,1547.6 1 0
github.com/fusion-gateway/fusion-gateway/internal/server/server.go:1548.5,1548.23 1 0
github.com/fusion-gateway/fusion-gateway/internal/server/server.go:1551.82,1552.36 1 0
github.com/fusion-gateway/fusion-gateway/internal/server/server.go:1552.36,1555.6 2 0
github.com/fusion-gateway/fusion-gateway/internal/server/server.go:1557.5,1558.25 2 0
github.com/fusion-gateway/fusion-gateway/internal/server/server.go:1558.25,1560.6 1 0
github.com/fusion-gateway/fusion-gateway/internal/server/server.go:1561.5,1562.19 2 0
github.com/fusion-gateway/fusion-gateway/internal/server/server.go:1562.19,1565.6 2 0
github.com/fusion-gateway/fusion-gateway/internal/server/server.go:1566.5,1569.57 3 0
github.com/fusion-gateway/fusion-gateway/internal/server/server.go:1569.57,1573.6 3 0
github.com/fusion-gateway/fusion-gateway/internal/server/server.go:1575.5,1580.48 5 0
github.com/fusion-gateway/fusion-gateway/internal/server/server.go:1580.48,1582.6 1 0
github.com/fusion-gateway/fusion-gateway/internal/server/server.go:1582.11,1584.28 2 0
github.com/fusion-gateway/fusion-gateway/internal/server/server.go:1584.28,1584.38 1 0
github.com/fusion-gateway/fusion-gateway/internal/server/server.go:1586.5,1586.24 1 0
github.com/fusion-gateway/fusion-gateway/internal/server/server.go:1586.24,1589.6 2 0
github.com/fusion-gateway/fusion-gateway/internal/server/server.go:1591.5,1591.65 1 0
github.com/fusion-gateway/fusion-gateway/internal/server/server.go:1591.65,1592.26 1 0
github.com/fusion-gateway/fusion-gateway/internal/server/server.go:1592.26,1594.10 1 0
github.com/fusion-gateway/fusion-gateway/internal/server/server.go:1594.15,1596.10 1 0
github.com/fusion-gateway/fusion-gateway/internal/server/server.go:1597.11,1602.26 5 0
github.com/fusion-gateway/fusion-gateway/internal/server/server.go:1602.26,1604.10 1 0
github.com/fusion-gateway/fusion-gateway/internal/server/server.go:1604.15,1606.10 1 0
github.com/fusion-gateway/fusion-gateway/internal/server/server.go:1610.156,1612.19 2 0
github.com/fusion-gateway/fusion-gateway/internal/server/server.go:1612.19,1616.6 3 0
github.com/fusion-gateway/fusion-gateway/internal/server/server.go:1617.5,1618.40 2 0
github.com/fusion-gateway/fusion-gateway/internal/server/server.go:1621.153,1623.19 2 0
github.com/fusion-gateway/fusion-gateway/internal/server/server.go:1623.19,1627.6 3 0
github.com/fusion-gateway/fusion-gateway/internal/server/server.go:1629.5,1635.27 6 0
github.com/fusion-gateway/fusion-gateway/internal/server/server.go:1635.27,1638.27 3 0
github.com/fusion-gateway/fusion-gateway/internal/server/server.go:1638.27,1638.46 1 0
github.com/fusion-gateway/fusion-gateway/internal/server/server.go:1640.5,1641.23 2 0
github.com/fusion-gateway/fusion-gateway/internal/server/server.go:1641.23,1641.42 1 0
github.com/fusion-gateway/fusion-gateway/internal/server/server.go:1644.79,1645.36 1 0
github.com/fusion-gateway/fusion-gateway/internal/server/server.go:1645.36,1648.6 2 0
github.com/fusion-gateway/fusion-gateway/internal/server/server.go:1649.5,1649.58 1 0
github.com/fusion-gateway/fusion-gateway/internal/server/server.go:1649.58,1653.6 3 0
github.com/fusion-gateway/fusion-gateway/internal/server/server.go:1654.5,1654.18 1 0
github.com/fusion-gateway/fusion-gateway/internal/server/server.go:1654.18,1654.53 1 0
github.com/fusion-gateway/fusion-gateway/internal/server/server.go:1656.5,1657.20 2 0
github.com/fusion-gateway/fusion-gateway/internal/server/server.go:1657.20,1657.43 1 0
github.com/fusion-gateway/fusion-gateway/internal/server/server.go:1659.5,1662.24 4 0
github.com/fusion-gateway/fusion-gateway/internal/server/server.go:1662.24,1662.34 1 0
github.com/fusion-gateway/fusion-gateway/internal/server/server.go:1664.5,1667.55 2 0
github.com/fusion-gateway/fusion-gateway/internal/server/server.go:1667.55,1669.23 2 0
github.com/fusion-gateway/fusion-gateway/internal/server/server.go:1669.23,1673.10 3 0
github.com/fusion-gateway/fusion-gateway/internal/server/server.go:1674.9,1676.15 3 0
github.com/fusion-gateway/fusion-gateway/internal/server/server.go:1678.5,1678.133 1 0
github.com/fusion-gateway/fusion-gateway/internal/server/server.go:1681.71,1682.36 1 0
github.com/fusion-gateway/fusion-gateway/internal/server/server.go:1682.36,1685.6 2 0
github.com/fusion-gateway/fusion-gateway/internal/server/server.go:1687.5,1688.25 2 0
github.com/fusion-gateway/fusion-gateway/internal/server/server.go:1688.25,1690.6 1 0
github.com/fusion-gateway/fusion-gateway/internal/server/server.go:1691.5,1692.19 2 0
github.com/fusion-gateway/fusion-gateway/internal/server/server.go:1692.19,1695.6 2 0
github.com/fusion-gateway/fusion-gateway/internal/server/server.go:1696.5,1703.54 3 0
github.com/fusion-gateway/fusion-gateway/internal/server/server.go:1703.54,1706.6 2 0
github.com/fusion-gateway/fusion-gateway/internal/server/server.go:1708.5,1711.24 4 0
github.com/fusion-gateway/fusion-gateway/internal/server/server.go:1711.24,1711.34 1 0
github.com/fusion-gateway/fusion-gateway/internal/server/server.go:1713.5,1716.48 2 0
github.com/fusion-gateway/fusion-gateway/internal/server/server.go:1716.48,1718.23 2 0
github.com/fusion-gateway/fusion-gateway/internal/server/server.go:1718.23,1722.10 3 0
github.com/fusion-gateway/fusion-gateway/internal/server/server.go:1723.9,1725.15 3 0
github.com/fusion-gateway/fusion-gateway/internal/server/server.go:1727.5,1727.126 1 0
github.com/fusion-gateway/fusion-gateway/internal/server/server.go:1730.75,1731.36 1 0
github.com/fusion-gateway/fusion-gateway/internal/server/server.go:1731.36,1734.6 2 0
github.com/fusion-gateway/fusion-gateway/internal/server/server.go:1736.5,1737.25 2 0
github.com/fusion-gateway/fusion-gateway/internal/server/server.go:1737.25,1739.6 1 0
github.com/fusion-gateway/fusion-gateway/internal/server/server.go:1740.5,1741.19 2 0
github.com/fusion-gateway/fusion-gateway/internal/server/server.go:1741.19,1744.6 2 0
github.com/fusion-gateway/fusion-gateway/internal/server/server.go:1745.5,1751.54 3 0
github.com/fusion-gateway/fusion-gateway/internal/server/server.go:1751.54,1754.6 2 0
github.com/fusion-gateway/fusion-gateway/internal/server/server.go:1756.5,1759.24 4 0
github.com/fusion-gateway/fusion-gateway/internal/server/server.go:1759.24,1759.34 1 0
github.com/fusion-gateway/fusion-gateway/internal/server/server.go:1761.5,1764.52 2 0
github.com/fusion-gateway/fusion-gateway/internal/server/server.go:1764.52,1766.23 2 0
github.com/fusion-gateway/fusion-gateway/internal/server/server.go:1766.23,1770.10 3 0
github.com/fusion-gateway/fusion-gateway/internal/server/server.go:1771.9,1773.15 3 0
github.com/fusion-gateway/fusion-gateway/internal/server/server.go:1775.5,1775.130 1 0
github.com/fusion-gateway/fusion-gateway/internal/server/server.go:1778.75,1779.57 1 0
github.com/fusion-gateway/fusion-gateway/internal/server/server.go:1779.57,1780.45 1 0
github.com/fusion-gateway/fusion-gateway/internal/server/server.go:1780.45,1783.10 2 0
github.com/fusion-gateway/fusion-gateway/internal/server/server.go:1784.9,1784.40 1 0
github.com/fusion-gateway/fusion-gateway/internal/server/server.go:1788.75,1789.21 1 0
github.com/fusion-gateway/fusion-gateway/internal/server/server.go:1790.25,1792.23 2 0
github.com/fusion-gateway/fusion-gateway/internal/server/server.go:1792.23,1795.10 2 0
github.com/fusion-gateway/fusion-gateway/internal/server/server.go:1796.9,1796.43 1 0
github.com/fusion-gateway/fusion-gateway/internal/server/server.go:1797.26,1799.69 2 0
github.com/fusion-gateway/fusion-gateway/internal/server/server.go:1799.69,1802.10 2 0
github.com/fusion-gateway/fusion-gateway/internal/server/server.go:1803.9,1803.26 1 0
github.com/fusion-gateway/fusion-gateway/internal/server/server.go:1803.26,1806.10 2 0
github.com/fusion-gateway/fusion-gateway/internal/server/server.go:1807.9,1807.57 1 0
github.com/fusion-gateway/fusion-gateway/internal/server/server.go:1807.57,1810.10 2 0
github.com/fusion-gateway/fusion-gateway/internal/server/server.go:1811.9,1811.47 1 0
github.com/fusion-gateway/fusion-gateway/internal/server/server.go:1812.13,1813.122 1 0
github.com/fusion-gateway/fusion-gateway/internal/server/server.go:1817.79,1819.17 2 0
github.com/fusion-gateway/fusion-gateway/internal/server/server.go:1819.17,1822.6 2 0
github.com/fusion-gateway/fusion-gateway/internal/server/server.go:1823.5,1823.21 1 0
github.com/fusion-gateway/fusion-gateway/internal/server/server.go:1824.25,1826.23 2 0
github.com/fusion-gateway/fusion-gateway/internal/server/server.go:1826.23,1829.10 2 0
github.com/fusion-gateway/fusion-gateway/internal/server/server.go:1830.9,1830.42 1 0
github.com/fusion-gateway/fusion-gateway/internal/server/server.go:1831.25,1833.69 2 0
github.com/fusion-gateway/fusion-gateway/internal/server/server.go:1833.69,1836.10 2 0
github.com/fusion-gateway/fusion-gateway/internal/server/server.go:1837.9,1838.57 2 0
github.com/fusion-gateway/fusion-gateway/internal/server/server.go:1838.57,1841.10 2 0
github.com/fusion-gateway/fusion-gateway/internal/server/server.go:1842.9,1842.42 1 0
github.com/fusion-gateway/fusion-gateway/internal/server/server.go:1843.28,1844.54 1 0
github.com/fusion-gateway/fusion-gateway/internal/server/server.go:1844.54,1847.10 2 0
github.com/fusion-gateway/fusion-gateway/internal/server/server.go:1848.9,1848.44 1 0
github.com/fusion-gateway/fusion-gateway/internal/server/server.go:1849.13,1850.122 1 0
github.com/fusion-gateway/fusion-gateway/internal/server/server.go:1854.74,1855.21 1 0
github.com/fusion-gateway/fusion-gateway/internal/server/server.go:1856.25,1858.23 2 0
github.com/fusion-gateway/fusion-gateway/internal/server/server.go:1858.23,1861.10 2 0
github.com/fusion-gateway/fusion-gateway/internal/server/server.go:1862.9,1862.42 1 0
github.com/fusion-gateway/fusion-gateway/internal/server/server.go:1863.26,1865.68 2 0
github.com/fusion-gateway/fusion-gateway/internal/server/server.go:1865.68,1868.10 2 0
github.com/fusion-gateway/fusion-gateway/internal/server/server.go:1869.9,1869.25 1 0
github.com/fusion-gateway/fusion-gateway/internal/server/server.go:1869.25,1872.10 2 0
github.com/fusion-gateway/fusion-gateway/internal/server/server.go:1873.9,1873.55 1 0
github.com/fusion-gateway/fusion-gateway/internal/server/server.go:1873.55,1876.10 2 0
github.com/fusion-gateway/fusion-gateway/internal/server/server.go:1877.9,1877.46 1 0
github.com/fusion-gateway/fusion-gateway/internal/server/server.go:1878.13,1879.122 1 0
github.com/fusion-gateway/fusion-gateway/internal/server/server.go:1883.78,1885.17 2 0
github.com/fusion-gateway/fusion-gateway/internal/server/server.go:1885.17,1888.6 2 0
github.com/fusion-gateway/fusion-gateway/internal/server/server.go:1889.5,1889.21 1 0
github.com/fusion-gateway/fusion-gateway/internal/server/server.go:1890.25,1892.23 2 0
github.com/fusion-gateway/fusion-gateway/internal/server/server.go:1892.23,1895.10 2 0
github.com/fusion-gateway/fusion-gateway/internal/server/server.go:1896.9,1896.41 1 0
github.com/fusion-gateway/fusion-gateway/internal/server/server.go:1897.28,1898.53 1 0
github.com/fusion-gateway/fusion-gateway/internal/server/server.go:1898.53,1901.10 2 0
github.com/fusion-gateway/fusion-gateway/internal/server/server.go:1902.9,1902.44 1 0
github.com/fusion-gateway/fusion-gateway/internal/server/server.go:1903.13,1904.122 1 0
github.com/fusion-gateway/fusion-gateway/internal/server/server.go:1908.66,1911.56 3 0
github.com/fusion-gateway/fusion-gateway/internal/server/server.go:1911.56,1913.6 1 0
github.com/fusion-gateway/fusion-gateway/internal/server/server.go:1916.72,1917.21 1 0
github.com/fusion-gateway/fusion-gateway/internal/server/server.go:1918.26,1924.68 2 0
github.com/fusion-gateway/fusion-gateway/internal/server/server.go:1924.68,1927.10 2 0
github.com/fusion-gateway/fusion-gateway/internal/server/server.go:1928.9,1929.23 2 0
github.com/fusion-gateway/fusion-gateway/internal/server/server.go:1929.23,1932.10 2 0
github.com/fusion-gateway/fusion-gateway/internal/server/server.go:1933.9,1933.39 1 0
github.com/fusion-gateway/fusion-gateway/internal/server/server.go:1934.25,1936.23 2 0
github.com/fusion-gateway/fusion-gateway/internal/server/server.go:1936.23,1939.10 2 0
github.com/fusion-gateway/fusion-gateway/internal/server/server.go:1940.9,1940.45 1 0
github.com/fusion-gateway/fusion-gateway/internal/server/server.go:1941.13,1942.122 1 0
github.com/fusion-gateway/fusion-gateway/internal/server/server.go:1946.74,1948.17 2 0
github.com/fusion-gateway/fusion-gateway/internal/server/server.go:1948.17,1951.6 2 0
github.com/fusion-gateway/fusion-gateway/internal/server/server.go:1952.5,1952.21 1 0
github.com/fusion-gateway/fusion-gateway/internal/server/server.go:1953.25,1955.23 2 0
github.com/fusion-gateway/fusion-gateway/internal/server/server.go:1955.23,1958.10 2 0
github.com/fusion-gateway/fusion-gateway/internal/server/server.go:1959.9,1959.39 1 0
github.com/fusion-gateway/fusion-gateway/internal/server/server.go:1960.26,1961.53 1 0
github.com/fusion-gateway/fusion-gateway/internal/server/server.go:1961.53,1963.27 2 0
github.com/fusion-gateway/fusion-gateway/internal/server/server.go:1963.27,1966.14 2 0
github.com/fusion-gateway/fusion-gateway/internal/server/server.go:1967.13,1968.19 2 0
github.com/fusion-gateway/fusion-gateway/internal/server/server.go:1970.9,1970.112 1 0
github.com/fusion-gateway/fusion-gateway/internal/server/server.go:1971.13,1972.122 1 0
github.com/fusion-gateway/fusion-gateway/internal/server/server.go:1976.78,1977.35 1 0
github.com/fusion-gateway/fusion-gateway/internal/server/server.go:1977.35,1980.6 2 0
github.com/fusion-gateway/fusion-gateway/internal/server/server.go:1981.5,1984.7 2 0
github.com/fusion-gateway/fusion-gateway/internal/server/server.go:1987.78,1988.36 1 0
github.com/fusion-gateway/fusion-gateway/internal/server/server.go:1988.36,1991.6 2 0
github.com/fusion-gateway/fusion-gateway/internal/server/server.go:1992.5,1993.64 2 0
github.com/fusion-gateway/fusion-gateway/internal/server/server.go:1993.64,1996.6 2 0
github.com/fusion-gateway/fusion-gateway/internal/server/server.go:1997.5,1999.38 3 0
github.com/fusion-gateway/fusion-gateway/internal/server/server.go:2002.80,2004.36 1 0
github.com/fusion-gateway/fusion-gateway/internal/server/server.go:2004.36,2007.6 2 0
github.com/fusion-gateway/fusion-gateway/internal/server/server.go:2008.5,2010.47 3 0
github.com/fusion-gateway/fusion-gateway/internal/server/server.go:2010.47,2013.6 2 0
github.com/fusion-gateway/fusion-gateway/internal/server/server.go:2014.5,2021.65 4 0
github.com/fusion-gateway/fusion-gateway/internal/server/server.go:2021.65,2024.6 2 0
github.com/fusion-gateway/fusion-gateway/internal/server/server.go:2027.5,2028.61 2 0
github.com/fusion-gateway/fusion-gateway/internal/server/server.go:2028.61,2030.6 1 0
github.com/fusion-gateway/fusion-gateway/internal/server/server.go:2032.5,2039.38 3 0
github.com/fusion-gateway/fusion-gateway/internal/server/server.go:2042.79,2043.21 1 0
github.com/fusion-gateway/fusion-gateway/internal/server/server.go:2044.25,2048.11 2 0
github.com/fusion-gateway/fusion-gateway/internal/server/server.go:2049.26,2051.69 2 0
github.com/fusion-gateway/fusion-gateway/internal/server/server.go:2051.69,2054.10 2 0
github.com/fusion-gateway/fusion-gateway/internal/server/server.go:2055.9,2055.75 1 0
github.com/fusion-gateway/fusion-gateway/internal/server/server.go:2055.75,2062.10 2 0
github.com/fusion-gateway/fusion-gateway/internal/server/server.go:2063.9,2063.47 1 0
github.com/fusion-gateway/fusion-gateway/internal/server/server.go:2064.13,2065.97 1 0
github.com/fusion-gateway/fusion-gateway/internal/server/server.go:2069.79,2071.17 2 0
github.com/fusion-gateway/fusion-gateway/internal/server/server.go:2071.17,2074.6 2 0
github.com/fusion-gateway/fusion-gateway/internal/server/server.go:2075.5,2075.21 1 0
github.com/fusion-gateway/fusion-gateway/internal/server/server.go:2076.25,2078.23 2 0
github.com/fusion-gateway/fusion-gateway/internal/server/server.go:2078.23,2085.10 2 0
github.com/fusion-gateway/fusion-gateway/internal/server/server.go:2086.9,2086.42 1 0
github.com/fusion-gateway/fusion-gateway/internal/server/server.go:2087.28,2088.72 1 0
github.com/fusion-gateway/fusion-gateway/internal/server/server.go:2088.72,2095.10 2 0
github.com/fusion-gateway/fusion-gateway/internal/server/server.go:2096.9,2096.44 1 0
github.com/fusion-gateway/fusion-gateway/internal/server/server.go:2097.26,2098.54 1 0
github.com/fusion-gateway/fusion-gateway/internal/server/server.go:2098.54,2099.90 1 0
github.com/fusion-gateway/fusion-gateway/internal/server/server.go:2099.90,2106.14 2 0
github.com/fusion-gateway/fusion-gateway/internal/server/server.go:2107.13,2112.19 2 0
github.com/fusion-gateway/fusion-gateway/internal/server/server.go:2114.9,2114.87 1 0
github.com/fusion-gateway/fusion-gateway/internal/server/server.go:2115.13,2116.97 1 0
github.com/fusion-gateway/fusion-gateway/internal/realtime/proxy.go:16.45,18.6 1 1
github.com/fusion-gateway/fusion-gateway/internal/realtime/proxy.go:28.74,37.2 1 1
github.com/fusion-gateway/fusion-gateway/internal/realtime/proxy.go:39.107,41.19 2 1
github.com/fusion-gateway/fusion-gateway/internal/realtime/proxy.go:41.19,44.6 2 0
github.com/fusion-gateway/fusion-gateway/internal/realtime/proxy.go:45.5,48.21 3 1
github.com/fusion-gateway/fusion-gateway/internal/realtime/proxy.go:48.21,50.6 1 1
github.com/fusion-gateway/fusion-gateway/internal/realtime/proxy.go:51.5,51.56 1 1
github.com/fusion-gateway/fusion-gateway/internal/realtime/proxy.go:51.56,53.6 1 1
github.com/fusion-gateway/fusion-gateway/internal/realtime/proxy.go:55.5,55.37 1 1
github.com/fusion-gateway/fusion-gateway/internal/realtime/proxy.go:55.37,56.20 1 1
github.com/fusion-gateway/fusion-gateway/internal/realtime/proxy.go:58.66,58.66 0 1
github.com/fusion-gateway/fusion-gateway/internal/realtime/proxy.go:59.17,60.36 1 1
github.com/fusion-gateway/fusion-gateway/internal/realtime/proxy.go:60.36,62.14 1 1
github.com/fusion-gateway/fusion-gateway/internal/realtime/proxy.go:66.5,67.19 2 1
github.com/fusion-gateway/fusion-gateway/internal/realtime/proxy.go:67.19,69.24 2 1
github.com/fusion-gateway/fusion-gateway/internal/realtime/proxy.go:69.24,75.10 2 0
github.com/fusion-gateway/fusion-gateway/internal/realtime/proxy.go:76.9,76.15 1 1
github.com/fusion-gateway/fusion-gateway/internal/realtime/proxy.go:78.5,89.25 6 1
github.com/fusion-gateway/fusion-gateway/internal/realtime/proxy.go:89.25,90.24 1 1
github.com/fusion-gateway/fusion-gateway/internal/realtime/proxy.go:90.24,94.10 3 1
github.com/fusion-gateway/fusion-gateway/internal/realtime/proxy.go:97.5,98.74 2 1
github.com/fusion-gateway/fusion-gateway/internal/realtime/proxy.go:101.120,106.23 3 1
github.com/fusion-gateway/fusion-gateway/internal/realtime/proxy.go:106.23,108.6 1 1
github.com/fusion-gateway/fusion-gateway/internal/realtime/proxy.go:109.5,111.9 2 1
github.com/fusion-gateway/fusion-gateway/internal/realtime/proxy.go:111.9,112.16 1 1
github.com/fusion-gateway/fusion-gateway/internal/realtime/proxy.go:113.27,114.19 1 1
github.com/fusion-gateway/fusion-gateway/internal/realtime/proxy.go:115.17,115.17 0 1
github.com/fusion-gateway/fusion-gateway/internal/realtime/proxy.go:118.9,119.23 2 1
github.com/fusion-gateway/fusion-gateway/internal/realtime/proxy.go:119.23,120.110 1 1
github.com/fusion-gateway/fusion-gateway/internal/realtime/proxy.go:120.110,125.14 1 1
github.com/fusion-gateway/fusion-gateway/internal/realtime/proxy.go:126.13,126.19 1 1
github.com/fusion-gateway/fusion-gateway/internal/realtime/proxy.go:129.9,129.63 1 1
github.com/fusion-gateway/fusion-gateway/internal/realtime/proxy.go:129.63,135.10 2 0
github.com/fusion-gateway/fusion-gateway/internal/config/audit.go:38.54,39.53 1 0
github.com/fusion-gateway/fusion-gateway/internal/config/audit.go:39.53,41.6 1 0
github.com/fusion-gateway/fusion-gateway/internal/config/audit.go:43.5,44.26 2 0
github.com/fusion-gateway/fusion-gateway/internal/config/audit.go:44.26,47.6 2 0
github.com/fusion-gateway/fusion-gateway/internal/config/audit.go:50.5,50.28 1 0
github.com/fusion-gateway/fusion-gateway/internal/config/audit.go:50.28,51.83 1 0
github.com/fusion-gateway/fusion-gateway/internal/config/audit.go:51.83,54.10 2 0
github.com/fusion-gateway/fusion-gateway/internal/config/audit.go:57.5,69.31 3 0
github.com/fusion-gateway/fusion-gateway/internal/config/audit.go:69.31,71.6 1 0
github.com/fusion-gateway/fusion-gateway/internal/config/audit.go:73.5,74.24 2 0
github.com/fusion-gateway/fusion-gateway/internal/config/audit.go:74.24,76.6 1 0
github.com/fusion-gateway/fusion-gateway/internal/config/audit.go:78.5,79.19 2 0
github.com/fusion-gateway/fusion-gateway/internal/config/audit.go:79.19,82.6 2 0
github.com/fusion-gateway/fusion-gateway/internal/config/audit.go:84.5,85.19 2 0
github.com/fusion-gateway/fusion-gateway/internal/config/audit.go:85.19,88.6 2 0
github.com/fusion-gateway/fusion-gateway/internal/config/audit.go:89.5,91.58 2 0
github.com/fusion-gateway/fusion-gateway/internal/config/audit.go:91.58,93.6 1 0
github.com/fusion-gateway/fusion-gateway/internal/config/audit.go:96.41,98.32 2 0
github.com/fusion-gateway/fusion-gateway/internal/config/audit.go:98.32,99.67 1 0
github.com/fusion-gateway/fusion-gateway/internal/config/audit.go:99.67,101.10 1 0
github.com/fusion-gateway/fusion-gateway/internal/config/audit.go:103.5,103.17 1 0
github.com/fusion-gateway/fusion-gateway/internal/config/audit.go:106.64,113.42 5 0
github.com/fusion-gateway/fusion-gateway/internal/config/audit.go:113.42,116.25 3 0
github.com/fusion-gateway/fusion-gateway/internal/config/audit.go:116.25,118.10 1 0
github.com/fusion-gateway/fusion-gateway/internal/config/audit.go:120.9,123.98 3 0
github.com/fusion-gateway/fusion-gateway/internal/config/audit.go:123.98,125.21 2 0
github.com/fusion-gateway/fusion-gateway/internal/config/audit.go:128.9,128.83 1 0
github.com/fusion-gateway/fusion-gateway/internal/config/audit.go:128.83,129.79 1 0
github.com/fusion-gateway/fusion-gateway/internal/config/audit.go:129.79,135.14 1 0
github.com/fusion-gateway/fusion-gateway/internal/config/audit.go:136.13,136.21 1 0
github.com/fusion-gateway/fusion-gateway/internal/config/audit.go:139.9,139.75 1 0
github.com/fusion-gateway/fusion-gateway/internal/config/audit.go:139.75,145.10 1 0
github.com/fusion-gateway/fusion-gateway/internal/config/audit.go:148.5,148.19 1 0
github.com/fusion-gateway/fusion-gateway/internal/config/audit.go:151.86,155.46 3 0
github.com/fusion-gateway/fusion-gateway/internal/config/audit.go:155.46,162.98 5 0
github.com/fusion-gateway/fusion-gateway/internal/config/audit.go:162.98,164.21 2 0
github.com/fusion-gateway/fusion-gateway/internal/config/audit.go:167.9,167.83 1 0
github.com/fusion-gateway/fusion-gateway/internal/config/audit.go:167.83,168.67 1 0
github.com/fusion-gateway/fusion-gateway/internal/config/audit.go:168.67,174.14 1 0
github.com/fusion-gateway/fusion-gateway/internal/config/audit.go:175.13,175.21 1 0
github.com/fusion-gateway/fusion-gateway/internal/config/audit.go:178.9,178.63 1 0
github.com/fusion-gateway/fusion-gateway/internal/config/audit.go:178.63,184.10 1 0
github.com/fusion-gateway/fusion-gateway/internal/config/audit.go:187.5,187.19 1 0
github.com/fusion-gateway/fusion-gateway/internal/config/config.go:401.49,407.44 5 0
github.com/fusion-gateway/fusion-gateway/internal/config/config.go:407.44,409.6 1 0
github.com/fusion-gateway/fusion-gateway/internal/config/config.go:411.5,412.45 2 0
github.com/fusion-gateway/fusion-gateway/internal/config/config.go:412.45,414.6 1 0
github.com/fusion-gateway/fusion-gateway/internal/config/config.go:416.5,416.42 1 0
github.com/fusion-gateway/fusion-gateway/internal/config/config.go:416.42,418.6 1 0
github.com/fusion-gateway/fusion-gateway/internal/config/config.go:420.5,429.21 5 0
github.com/fusion-gateway/fusion-gateway/internal/config/config.go:432.36,433.43 1 0
github.com/fusion-gateway/fusion-gateway/internal/config/config.go:433.43,435.6 1 0
github.com/fusion-gateway/fusion-gateway/internal/config/config.go:436.5,436.86 1 0
github.com/fusion-gateway/fusion-gateway/internal/config/config.go:439.50,443.2 3 0
github.com/fusion-gateway/fusion-gateway/internal/config/config.go:445.34,447.39 2 0
github.com/fusion-gateway/fusion-gateway/internal/config/config.go:447.39,450.6 2 0
github.com/fusion-gateway/fusion-gateway/internal/config/config.go:452.5,453.46 2 0
github.com/fusion-gateway/fusion-gateway/internal/config/config.go:453.46,455.6 1 0
github.com/fusion-gateway/fusion-gateway/internal/config/config.go:457.5,462.45 5 0
github.com/fusion-gateway/fusion-gateway/internal/config/config.go:462.45,467.49 4 0
github.com/fusion-gateway/fusion-gateway/internal/config/config.go:467.49,470.10 2 0
github.com/fusion-gateway/fusion-gateway/internal/config/config.go:472.9,472.46 1 0
github.com/fusion-gateway/fusion-gateway/internal/config/config.go:472.46,475.10 2 0
github.com/fusion-gateway/fusion-gateway/internal/config/config.go:477.9,490.37 7 0
github.com/fusion-gateway/fusion-gateway/internal/config/config.go:490.37,492.10 1 0
github.com/fusion-gateway/fusion-gateway/internal/config/config.go:495.9,500.44 3 0
github.com/fusion-gateway/fusion-gateway/internal/config/config.go:504.34,505.56 1 1
github.com/fusion-gateway/fusion-gateway/internal/config/config.go:505.56,507.6 1 0
github.com/fusion-gateway/fusion-gateway/internal/config/config.go:509.5,509.40 1 1
github.com/fusion-gateway/fusion-gateway/internal/config/config.go:509.40,511.6 1 0
github.com/fusion-gateway/fusion-gateway/internal/config/config.go:513.5,513.50 1 1
github.com/fusion-gateway/fusion-gateway/internal/config/config.go:513.50,515.6 1 0
github.com/fusion-gateway/fusion-gateway/internal/config/config.go:516.5,516.52 1 1
github.com/fusion-gateway/fusion-gateway/internal/config/config.go:516.52,517.28 1 0
github.com/fusion-gateway/fusion-gateway/internal/config/config.go:517.28,519.10 1 0
github.com/fusion-gateway/fusion-gateway/internal/config/config.go:520.9,520.28 1 0
github.com/fusion-gateway/fusion-gateway/internal/config/config.go:520.28,522.10 1 0
github.com/fusion-gateway/fusion-gateway/internal/config/config.go:525.5,525.114 1 1
github.com/fusion-gateway/fusion-gateway/internal/config/config.go:525.114,527.6 1 0
github.com/fusion-gateway/fusion-gateway/internal/config/config.go:529.5,529.44 1 1
github.com/fusion-gateway/fusion-gateway/internal/config/config.go:529.44,531.49 2 0
github.com/fusion-gateway/fusion-gateway/internal/config/config.go:531.49,532.33 1 0
github.com/fusion-gateway/fusion-gateway/internal/config/config.go:532.33,533.25 1 0
github.com/fusion-gateway/fusion-gateway/internal/config/config.go:535.13,535.58 1 0
github.com/fusion-gateway/fusion-gateway/internal/config/config.go:535.58,537.14 1 0
github.com/fusion-gateway/fusion-gateway/internal/config/config.go:538.13,538.41 1 0
github.com/fusion-gateway/fusion-gateway/internal/config/config.go:543.5,543.46 1 1
github.com/fusion-gateway/fusion-gateway/internal/config/config.go:543.46,544.71 1 1
github.com/fusion-gateway/fusion-gateway/internal/config/config.go:544.71,546.10 1 0
github.com/fusion-gateway/fusion-gateway/internal/config/config.go:547.9,547.57 1 1
github.com/fusion-gateway/fusion-gateway/internal/config/config.go:547.57,548.34 1 0
github.com/fusion-gateway/fusion-gateway/internal/config/config.go:548.34,550.14 1 0
github.com/fusion-gateway/fusion-gateway/internal/config/config.go:555.5,555.52 1 1
github.com/fusion-gateway/fusion-gateway/internal/config/config.go:555.52,557.6 1 0
github.com/fusion-gateway/fusion-gateway/internal/config/config.go:558.5,558.34 1 1
github.com/fusion-gateway/fusion-gateway/internal/config/config.go:558.34,560.6 1 0
github.com/fusion-gateway/fusion-gateway/internal/config/config.go:561.5,561.33 1 1
github.com/fusion-gateway/fusion-gateway/internal/config/config.go:561.33,563.6 1 0
github.com/fusion-gateway/fusion-gateway/internal/config/config.go:566.5,566.44 1 1
github.com/fusion-gateway/fusion-gateway/internal/config/config.go:566.44,567.126 1 0
github.com/fusion-gateway/fusion-gateway/internal/config/config.go:567.126,569.10 1 0
github.com/fusion-gateway/fusion-gateway/internal/config/config.go:572.5,572.15 1 1
github.com/fusion-gateway/fusion-gateway/internal/config/config.go:575.29,647.2 1 1
github.com/fusion-gateway/fusion-gateway/internal/config/context.go:12.78,16.2 3 1
github.com/fusion-gateway/fusion-gateway/internal/config/context.go:18.63,20.12 2 1
github.com/fusion-gateway/fusion-gateway/internal/config/context.go:20.12,22.6 1 0
github.com/fusion-gateway/fusion-gateway/internal/config/context.go:23.5,23.16 1 1
github.com/fusion-gateway/fusion-gateway/internal/config/context.go:26.53,28.12 2 1
github.com/fusion-gateway/fusion-gateway/internal/config/context.go:28.12,30.6 1 0
github.com/fusion-gateway/fusion-gateway/internal/config/context.go:31.5,31.13 1 1
github.com/fusion-gateway/fusion-gateway/internal/batch/batch.go:69.67,70.21 1 1
github.com/fusion-gateway/fusion-gateway/internal/batch/batch.go:70.21,72.6 1 1
github.com/fusion-gateway/fusion-gateway/internal/batch/batch.go:73.5,74.22 2 1
github.com/fusion-gateway/fusion-gateway/internal/batch/batch.go:74.22,76.6 1 0
github.com/fusion-gateway/fusion-gateway/internal/batch/batch.go:77.5,77.25 1 1
github.com/fusion-gateway/fusion-gateway/internal/batch/batch.go:77.25,79.6 1 1
github.com/fusion-gateway/fusion-gateway/internal/batch/batch.go:80.5,86.13 3 1
github.com/fusion-gateway/fusion-gateway/internal/batch/batch.go:89.53,94.2 1 0
github.com/fusion-gateway/fusion-gateway/internal/batch/batch.go:96.90,97.17 1 1
github.com/fusion-gateway/fusion-gateway/internal/batch/batch.go:97.17,99.6 1 0
github.com/fusion-gateway/fusion-gateway/internal/batch/batch.go:100.5,100.35 1 1
github.com/fusion-gateway/fusion-gateway/internal/batch/batch.go:100.35,102.6 1 1
github.com/fusion-gateway/fusion-gateway/internal/batch/batch.go:103.5,119.18 8 1
github.com/fusion-gateway/fusion-gateway/internal/batch/batch.go:122.35,127.36 4 1
github.com/fusion-gateway/fusion-gateway/internal/batch/batch.go:127.36,129.45 2 1
github.com/fusion-gateway/fusion-gateway/internal/batch/batch.go:129.45,131.18 2 0
github.com/fusion-gateway/fusion-gateway/internal/batch/batch.go:133.9,139.31 6 1
github.com/fusion-gateway/fusion-gateway/internal/batch/batch.go:139.31,141.10 1 0
github.com/fusion-gateway/fusion-gateway/internal/batch/batch.go:142.9,142.22 1 1
github.com/fusion-gateway/fusion-gateway/internal/batch/batch.go:145.5,146.41 2 1
github.com/fusion-gateway/fusion-gateway/internal/batch/batch.go:146.41,150.6 3 1
github.com/fusion-gateway/fusion-gateway/internal/batch/batch.go:151.5,152.91 2 1
github.com/fusion-gateway/fusion-gateway/internal/batch/batch.go:155.48,156.17 1 1
github.com/fusion-gateway/fusion-gateway/internal/batch/batch.go:156.17,158.6 1 0
github.com/fusion-gateway/fusion-gateway/internal/batch/batch.go:159.5,162.12 4 1
github.com/fusion-gateway/fusion-gateway/internal/batch/batch.go:162.12,164.6 1 1
github.com/fusion-gateway/fusion-gateway/internal/batch/batch.go:166.5,171.20 6 0
github.com/fusion-gateway/fusion-gateway/internal/batch/batch.go:174.51,175.17 1 1
github.com/fusion-gateway/fusion-gateway/internal/batch/batch.go:175.17,177.6 1 0
[...]
github.com/fusion-gateway/fusion-gateway/internal/router/engine.go:506.75,512.35 2 1
github.com/fusion-gateway/fusion-gateway/internal/router/engine.go:512.35,513.35 1 1
github.com/fusion-gateway/fusion-gateway/internal/router/engine.go:513.35,520.10 2 1
github.com/fusion-gateway/fusion-gateway/internal/router/engine.go:523.5,524.14 2 1
github.com/fusion-gateway/fusion-gateway/internal/router/latency_tracker.go:26.53,27.21 1 1
github.com/fusion-gateway/fusion-gateway/internal/router/latency_tracker.go:27.21,29.6 1 1
github.com/fusion-gateway/fusion-gateway/internal/router/latency_tracker.go:30.5,35.6 1 1
github.com/fusion-gateway/fusion-gateway/internal/router/latency_tracker.go:38.74,43.12 4 1
github.com/fusion-gateway/fusion-gateway/internal/router/latency_tracker.go:43.12,46.6 2 1
github.com/fusion-gateway/fusion-gateway/internal/router/latency_tracker.go:48.5,49.36 2 1
github.com/fusion-gateway/fusion-gateway/internal/router/latency_tracker.go:49.36,51.6 1 1
github.com/fusion-gateway/fusion-gateway/internal/router/latency_tracker.go:54.5,54.33 1 1
github.com/fusion-gateway/fusion-gateway/internal/router/latency_tracker.go:57.61,60.46 2 1
github.com/fusion-gateway/fusion-gateway/internal/router/latency_tracker.go:60.46,61.53 1 0
github.com/fusion-gateway/fusion-gateway/internal/router/latency_tracker.go:61.53,64.10 2 0
github.com/fusion-gateway/fusion-gateway/internal/router/latency_tracker.go:67.5,68.35 2 1
github.com/fusion-gateway/fusion-gateway/internal/router/latency_tracker.go:68.35,71.6 2 1
github.com/fusion-gateway/fusion-gateway/internal/router/latency_tracker.go:73.5,86.18 10 1
github.com/fusion-gateway/fusion-gateway/internal/router/latency_tracker.go:89.59,94.12 4 1
github.com/fusion-gateway/fusion-gateway/internal/router/latency_tracker.go:94.12,96.6 1 1
github.com/fusion-gateway/fusion-gateway/internal/router/latency_tracker.go:97.5,97.26 1 1
github.com/fusion-gateway/fusion-gateway/internal/router/latency_tracker.go:100.54,101.17 1 1
github.com/fusion-gateway/fusion-gateway/internal/router/latency_tracker.go:101.17,104.20 3 1
github.com/fusion-gateway/fusion-gateway/internal/router/latency_tracker.go:104.20,105.32 1 1
github.com/fusion-gateway/fusion-gateway/internal/router/latency_tracker.go:105.32,107.14 1 1
github.com/fusion-gateway/fusion-gateway/internal/router/latency_tracker.go:108.13,108.32 1 1
github.com/fusion-gateway/fusion-gateway/internal/router/latency_tracker.go:108.32,110.14 1 1
github.com/fusion-gateway/fusion-gateway/internal/router/latency_tracker.go:111.13,111.23 1 1
github.com/fusion-gateway/fusion-gateway/internal/router/latency_tracker.go:111.23,115.14 3 1
github.com/fusion-gateway/fusion-gateway/internal/router/latency_tracker.go:117.9,117.19 1 1
github.com/fusion-gateway/fusion-gateway/internal/router/latency_tracker.go:117.19,119.10 1 1
github.com/fusion-gateway/fusion-gateway/internal/router/latency_tracker.go:119.15,119.26 1 1
github.com/fusion-gateway/fusion-gateway/internal/router/latency_tracker.go:119.26,121.10 1 1
github.com/fusion-gateway/fusion-gateway/internal/router/latency_tracker.go:121.15,123.10 1 1
github.com/fusion-gateway/fusion-gateway/internal/router/session_affinity.go:21.61,22.17 1 1
github.com/fusion-gateway/fusion-gateway/internal/router/session_affinity.go:22.17,24.6 1 1
github.com/fusion-gateway/fusion-gateway/internal/router/session_affinity.go:25.5,32.14 4 1
github.com/fusion-gateway/fusion-gateway/internal/router/session_affinity.go:35.35,37.2 1 1
github.com/fusion-gateway/fusion-gateway/internal/router/session_affinity.go:39.65,40.44 1 1
github.com/fusion-gateway/fusion-gateway/internal/router/session_affinity.go:40.44,42.6 1 1
github.com/fusion-gateway/fusion-gateway/internal/router/session_affinity.go:43.5,49.91 4 1
github.com/fusion-gateway/fusion-gateway/internal/router/session_affinity.go:52.82,53.22 1 1
github.com/fusion-gateway/fusion-gateway/internal/router/session_affinity.go:53.22,55.6 1 1
github.com/fusion-gateway/fusion-gateway/internal/router/session_affinity.go:56.5,59.16 4 1
github.com/fusion-gateway/fusion-gateway/internal/router/session_affinity.go:59.16,61.6 1 1
github.com/fusion-gateway/fusion-gateway/internal/router/session_affinity.go:62.5,62.42 1 1
github.com/fusion-gateway/fusion-gateway/internal/router/session_affinity.go:62.42,64.6 1 1
github.com/fusion-gateway/fusion-gateway/internal/router/session_affinity.go:65.5,65.36 1 1
github.com/fusion-gateway/fusion-gateway/internal/router/session_affinity.go:68.51,72.2 3 1
github.com/fusion-gateway/fusion-gateway/internal/router/session_affinity.go:74.39,78.2 3 1
github.com/fusion-gateway/fusion-gateway/internal/router/session_affinity.go:80.40,83.9 3 1
github.com/fusion-gateway/fusion-gateway/internal/router/session_affinity.go:83.9,84.16 1 1
github.com/fusion-gateway/fusion-gateway/internal/router/session_affinity.go:85.24,86.19 1 1
github.com/fusion-gateway/fusion-gateway/internal/router/session_affinity.go:87.25,88.30 1 0
github.com/fusion-gateway/fusion-gateway/internal/router/session_affinity.go:93.43,98.34 5 1
github.com/fusion-gateway/fusion-gateway/internal/router/session_affinity.go:98.34,99.35 1 1
github.com/fusion-gateway/fusion-gateway/internal/router/session_affinity.go:99.35,102.10 2 1
github.com/fusion-gateway/fusion-gateway/internal/router/session_affinity.go:104.5,104.20 1 1
github.com/fusion-gateway/fusion-gateway/internal/router/session_affinity.go:104.20,106.6 1 1
github.com/fusion-gateway/fusion-gateway/internal/hardware/collector.go:25.58,29.2 1 1
github.com/fusion-gateway/fusion-gateway/internal/hardware/collector.go:31.48,32.23 1 1
github.com/fusion-gateway/fusion-gateway/internal/hardware/collector.go:32.23,35.6 2 1
github.com/fusion-gateway/fusion-gateway/internal/hardware/collector.go:37.5,40.47 3 1
github.com/fusion-gateway/fusion-gateway/internal/hardware/collector.go:40.47,40.74 1 1
github.com/fusion-gateway/fusion-gateway/internal/hardware/collector.go:41.5,41.79 1 1
github.com/fusion-gateway/fusion-gateway/internal/hardware/collector.go:44.28,45.24 1 1
github.com/fusion-gateway/fusion-gateway/internal/hardware/collector.go:45.24,47.6 1 1
github.com/fusion-gateway/fusion-gateway/internal/hardware/collector.go:48.5,48.44 1 1
github.com/fusion-gateway/fusion-gateway/internal/hardware/collector.go:51.46,55.2 3 1
github.com/fusion-gateway/fusion-gateway/internal/hardware/collector.go:57.57,61.2 3 0
github.com/fusion-gateway/fusion-gateway/internal/hardware/collector.go:63.54,69.9 4 1
github.com/fusion-gateway/fusion-gateway/internal/hardware/collector.go:69.9,70.16 1 1
github.com/fusion-gateway/fusion-gateway/internal/hardware/collector.go:71.27,72.19 1 1
github.com/fusion-gateway/fusion-gateway/internal/hardware/collector.go:73.25,74.24 1 1
github.com/fusion-gateway/fusion-gateway/internal/hardware/collector.go:79.31,85.31 4 1
github.com/fusion-gateway/fusion-gateway/internal/hardware/collector.go:85.31,86.53 1 1
github.com/fusion-gateway/fusion-gateway/internal/hardware/collector.go:86.53,89.10 2 0
github.com/fusion-gateway/fusion-gateway/internal/hardware/collector.go:93.5,93.36 1 1
github.com/fusion-gateway/fusion-gateway/internal/hardware/collector.go:93.36,95.6 1 1
github.com/fusion-gateway/fusion-gateway/internal/hardware/collector.go:98.5,98.28 1 1
github.com/fusion-gateway/fusion-gateway/internal/hardware/collector.go:98.28,99.51 1 0
github.com/fusion-gateway/fusion-gateway/internal/hardware/collector.go:99.51,102.10 2 0
github.com/fusion-gateway/fusion-gateway/internal/hardware/collector.go:106.5,106.33 1 1
github.com/fusion-gateway/fusion-gateway/internal/hardware/collector.go:106.33,107.53 1 0
github.com/fusion-gateway/fusion-gateway/internal/hardware/collector.go:107.53,110.10 1 0
github.com/fusion-gateway/fusion-gateway/internal/hardware/collector.go:113.5,117.18 4 1
github.com/fusion-gateway/fusion-gateway/internal/hardware/collector.go:120.63,122.19 2 1
github.com/fusion-gateway/fusion-gateway/internal/hardware/collector.go:122.19,124.6 1 0
github.com/fusion-gateway/fusion-gateway/internal/hardware/collector.go:126.5,131.19 5 1
github.com/fusion-gateway/fusion-gateway/internal/hardware/collector.go:131.19,133.6 1 0
github.com/fusion-gateway/fusion-gateway/internal/hardware/collector.go:135.5,139.61 3 1
github.com/fusion-gateway/fusion-gateway/internal/hardware/collector.go:139.61,145.6 1 0
github.com/fusion-gateway/fusion-gateway/internal/hardware/collector.go:147.5,147.15 1 1
github.com/fusion-gateway/fusion-gateway/internal/hardware/collector.go:150.61,152.19 2 1
github.com/fusion-gateway/fusion-gateway/internal/hardware/collector.go:152.19,155.6 2 1
github.com/fusion-gateway/fusion-gateway/internal/hardware/collector.go:157.5,158.35 2 0
github.com/fusion-gateway/fusion-gateway/internal/hardware/collector.go:158.35,160.24 2 0
github.com/fusion-gateway/fusion-gateway/internal/hardware/collector.go:160.24,163.10 2 0
github.com/fusion-gateway/fusion-gateway/internal/hardware/collector.go:166.5,168.27 3 0
github.com/fusion-gateway/fusion-gateway/internal/hardware/iokit.go:48.18,49.25 1 1
github.com/fusion-gateway/fusion-gateway/internal/hardware/iokit.go:49.25,50.37 1 1
github.com/fusion-gateway/fusion-gateway/internal/hardware/iokit.go:50.37,53.10 2 0
github.com/fusion-gateway/fusion-gateway/internal/hardware/iokit.go:55.9,59.23 2 1
github.com/fusion-gateway/fusion-gateway/internal/hardware/iokit.go:59.23,63.10 3 0
github.com/fusion-gateway/fusion-gateway/internal/hardware/iokit.go:65.9,69.23 2 1
github.com/fusion-gateway/fusion-gateway/internal/hardware/iokit.go:69.23,73.10 3 0
github.com/fusion-gateway/fusion-gateway/internal/hardware/iokit.go:75.9,93.69 17 1
github.com/fusion-gateway/fusion-gateway/internal/hardware/iokit.go:97.48,100.19 2 1
github.com/fusion-gateway/fusion-gateway/internal/hardware/iokit.go:100.19,101.56 1 1
github.com/fusion-gateway/fusion-gateway/internal/hardware/iokit.go:101.56,104.10 2 0
github.com/fusion-gateway/fusion-gateway/internal/hardware/iokit.go:105.9,105.19 1 1
github.com/fusion-gateway/fusion-gateway/internal/hardware/iokit.go:108.5,108.38 1 0
github.com/fusion-gateway/fusion-gateway/internal/hardware/iokit.go:111.54,112.18 1 1
github.com/fusion-gateway/fusion-gateway/internal/hardware/iokit.go:112.18,113.37 1 1
github.com/fusion-gateway/fusion-gateway/internal/hardware/iokit.go:113.37,115.10 1 0
github.com/fusion-gateway/fusion-gateway/internal/hardware/iokit.go:118.5,120.16 3 1
github.com/fusion-gateway/fusion-gateway/internal/hardware/iokit.go:120.16,122.6 1 0
github.com/fusion-gateway/fusion-gateway/internal/hardware/iokit.go:124.5,125.26 2 1
github.com/fusion-gateway/fusion-gateway/internal/hardware/iokit.go:125.26,127.6 1 0
github.com/fusion-gateway/fusion-gateway/internal/hardware/iokit.go:129.5,130.21 2 1
github.com/fusion-gateway/fusion-gateway/internal/hardware/iokit.go:130.21,132.6 1 0
github.com/fusion-gateway/fusion-gateway/internal/hardware/iokit.go:133.5,136.21 3 1
github.com/fusion-gateway/fusion-gateway/internal/hardware/iokit.go:136.21,138.6 1 0
github.com/fusion-gateway/fusion-gateway/internal/hardware/iokit.go:139.5,142.23 3 1
github.com/fusion-gateway/fusion-gateway/internal/hardware/iokit.go:142.23,146.6 3 0
github.com/fusion-gateway/fusion-gateway/internal/hardware/iokit.go:147.5,152.29 4 1
github.com/fusion-gateway/fusion-gateway/internal/hardware/iokit.go:152.29,154.6 1 1
github.com/fusion-gateway/fusion-gateway/internal/hardware/iokit.go:154.11,156.6 1 0
github.com/fusion-gateway/fusion-gateway/internal/hardware/iokit.go:158.5,168.15 3 1
github.com/fusion-gateway/fusion-gateway/internal/hardware/iokit.go:171.66,191.28 5 1
github.com/fusion-gateway/fusion-gateway/internal/hardware/iokit.go:191.28,193.23 2 1
github.com/fusion-gateway/fusion-gateway/internal/hardware/iokit.go:193.23,195.21 2 0
github.com/fusion-gateway/fusion-gateway/internal/hardware/iokit.go:198.9,201.23 3 1
github.com/fusion-gateway/fusion-gateway/internal/hardware/iokit.go:201.23,202.21 1 0
github.com/fusion-gateway/fusion-gateway/internal/hardware/iokit.go:205.9,205.51 1 1
github.com/fusion-gateway/fusion-gateway/internal/hardware/iokit.go:205.51,206.21 1 0
github.com/fusion-gateway/fusion-gateway/internal/hardware/iokit.go:209.9,211.20 3 1
github.com/fusion-gateway/fusion-gateway/internal/hardware/iokit.go:211.20,214.24 3 0
github.com/fusion-gateway/fusion-gateway/internal/hardware/iokit.go:214.24,216.14 1 0
github.com/fusion-gateway/fusion-gateway/internal/hardware/iokit.go:219.9,219.20 1 1
github.com/fusion-gateway/fusion-gateway/internal/hardware/iokit.go:219.20,220.33 1 1
github.com/fusion-gateway/fusion-gateway/internal/hardware/iokit.go:220.33,222.14 1 1
github.com/fusion-gateway/fusion-gateway/internal/hardware/iokit.go:222.19,222.41 1 1
github.com/fusion-gateway/fusion-gateway/internal/hardware/iokit.go:222.41,224.14 1 1
github.com/fusion-gateway/fusion-gateway/internal/hardware/iokit.go:229.5,231.58 3 1
github.com/fusion-gateway/fusion-gateway/internal/hardware/iokit.go:234.56,239.19 4 0
github.com/fusion-gateway/fusion-gateway/internal/hardware/iokit.go:239.19,241.6 1 0
github.com/fusion-gateway/fusion-gateway/internal/hardware/iokit.go:243.5,246.19 3 0
github.com/fusion-gateway/fusion-gateway/internal/hardware/iokit.go:246.19,249.6 2 0
github.com/fusion-gateway/fusion-gateway/internal/hardware/iokit.go:251.5,264.15 7 0
github.com/fusion-gateway/fusion-gateway/internal/hardware/iokit.go:275.75,282.32 5 1
github.com/fusion-gateway/fusion-gateway/internal/hardware/iokit.go:282.32,285.60 2 1
github.com/fusion-gateway/fusion-gateway/internal/hardware/iokit.go:285.60,287.21 2 1
github.com/fusion-gateway/fusion-gateway/internal/hardware/iokit.go:290.9,290.25 1 1
github.com/fusion-gateway/fusion-gateway/internal/hardware/iokit.go:290.25,291.21 1 1
github.com/fusion-gateway/fusion-gateway/internal/hardware/iokit.go:294.9,294.45 1 1
github.com/fusion-gateway/fusion-gateway/internal/hardware/iokit.go:294.45,295.18 1 0
github.com/fusion-gateway/fusion-gateway/internal/hardware/iokit.go:298.9,299.16 2 1
github.com/fusion-gateway/fusion-gateway/internal/hardware/iokit.go:299.16,300.21 1 1
github.com/fusion-gateway/fusion-gateway/internal/hardware/iokit.go:303.9,304.20 2 1
github.com/fusion-gateway/fusion-gateway/internal/hardware/iokit.go:305.59,306.29 1 0
github.com/fusion-gateway/fusion-gateway/internal/hardware/iokit.go:306.29,308.14 1 0
github.com/fusion-gateway/fusion-gateway/internal/hardware/iokit.go:308.19,310.14 1 0
github.com/fusion-gateway/fusion-gateway/internal/hardware/iokit.go:311.63,312.29 1 0
github.com/fusion-gateway/fusion-gateway/internal/hardware/iokit.go:312.29,314.14 1 0
github.com/fusion-gateway/fusion-gateway/internal/hardware/iokit.go:314.19,316.14 1 0
github.com/fusion-gateway/fusion-gateway/internal/hardware/iokit.go:317.57,318.29 1 0
github.com/fusion-gateway/fusion-gateway/internal/hardware/iokit.go:318.29,320.14 1 0
github.com/fusion-gateway/fusion-gateway/internal/hardware/iokit.go:320.19,322.14 1 0
github.com/fusion-gateway/fusion-gateway/internal/hardware/iokit.go:323.56,324.46 1 0
github.com/fusion-gateway/fusion-gateway/internal/hardware/iokit.go:325.54,326.46 1 0
github.com/fusion-gateway/fusion-gateway/internal/hardware/iokit.go:330.5,330.15 1 1
github.com/fusion-gateway/fusion-gateway/internal/hardware/iokit.go:330.15,332.6 1 1
github.com/fusion-gateway/fusion-gateway/internal/hardware/iokit.go:334.5,334.22 1 1
github.com/fusion-gateway/fusion-gateway/internal/hardware/iokit.go:337.62,339.18 2 1
github.com/fusion-gateway/fusion-gateway/internal/hardware/iokit.go:339.18,341.6 1 1
github.com/fusion-gateway/fusion-gateway/internal/hardware/iokit.go:343.5,348.40 4 1
github.com/fusion-gateway/fusion-gateway/internal/hardware/iokit.go:348.40,350.6 1 1
github.com/fusion-gateway/fusion-gateway/internal/hardware/iokit.go:352.5,353.62 2 1
github.com/fusion-gateway/fusion-gateway/internal/hardware/iokit.go:353.62,355.6 1 1
github.com/fusion-gateway/fusion-gateway/internal/hardware/iokit.go:357.5,357.26 1 1
github.com/fusion-gateway/fusion-gateway/internal/hardware/iokit.go:360.28,363.19 3 1
github.com/fusion-gateway/fusion-gateway/internal/hardware/iokit.go:363.19,366.6 2 1
github.com/fusion-gateway/fusion-gateway/internal/hardware/iokit.go:368.5,369.90 2 0
github.com/fusion-gateway/fusion-gateway/internal/hardware/iokit.go:369.90,372.6 2 0
github.com/fusion-gateway/fusion-gateway/internal/hardware/iokit.go:374.5,374.17 1 0
github.com/fusion-gateway/fusion-gateway/internal/hardware/mlx_metrics.go:15.50,22.19 4 1
github.com/fusion-gateway/fusion-gateway/internal/hardware/mlx_metrics.go:22.19,24.6 1 0
github.com/fusion-gateway/fusion-gateway/internal/hardware/mlx_metrics.go:26.5,27.19 2 1
github.com/fusion-gateway/fusion-gateway/internal/hardware/mlx_metrics.go:27.19,29.6 1 1
github.com/fusion-gateway/fusion-gateway/internal/hardware/mlx_metrics.go:30.5,32.41 2 0
github.com/fusion-gateway/fusion-gateway/internal/hardware/mlx_metrics.go:32.41,34.6 1 0
github.com/fusion-gateway/fusion-gateway/internal/hardware/mlx_metrics.go:36.5,37.19 2 0
github.com/fusion-gateway/fusion-gateway/internal/hardware/mlx_metrics.go:37.19,39.6 1 0
github.com/fusion-gateway/fusion-gateway/internal/hardware/mlx_metrics.go:41.5,42.15 2 0
github.com/fusion-gateway/fusion-gateway/internal/hardware/mlx_metrics.go:45.62,47.32 2 1
github.com/fusion-gateway/fusion-gateway/internal/hardware/mlx_metrics.go:47.32,48.55 1 1
github.com/fusion-gateway/fusion-gateway/internal/hardware/mlx_metrics.go:48.55,49.21 1 1
github.com/fusion-gateway/fusion-gateway/internal/hardware/mlx_metrics.go:53.9,53.69 1 1
github.com/fusion-gateway/fusion-gateway/internal/hardware/mlx_metrics.go:53.69,54.65 1 1
github.com/fusion-gateway/fusion-gateway/internal/hardware/mlx_metrics.go:54.65,56.14 1 1
github.com/fusion-gateway/fusion-gateway/internal/hardware/mlx_metrics.go:60.9,60.64 1 1
github.com/fusion-gateway/fusion-gateway/internal/hardware/mlx_metrics.go:60.64,61.65 1 1
github.com/fusion-gateway/fusion-gateway/internal/hardware/mlx_metrics.go:61.65,63.14 1 1
github.com/fusion-gateway/fusion-gateway/internal/hardware/mlx_metrics.go:67.9,67.65 1 1
github.com/fusion-gateway/fusion-gateway/internal/hardware/mlx_metrics.go:67.65,68.65 1 1
github.com/fusion-gateway/fusion-gateway/internal/hardware/mlx_metrics.go:68.65,70.14 1 1
github.com/fusion-gateway/fusion-gateway/internal/hardware/mlx_metrics.go:74.9,74.72 1 1
github.com/fusion-gateway/fusion-gateway/internal/hardware/mlx_metrics.go:74.72,75.65 1 1
github.com/fusion-gateway/fusion-gateway/internal/hardware/mlx_metrics.go:75.65,77.14 1 1
github.com/fusion-gateway/fusion-gateway/internal/hardware/mlx_metrics.go:81.5,86.6 1 1
github.com/fusion-gateway/fusion-gateway/internal/hardware/mlx_metrics.go:89.54,91.23 2 1
github.com/fusion-gateway/fusion-gateway/internal/hardware/mlx_metrics.go:91.23,93.6 1 1
github.com/fusion-gateway/fusion-gateway/internal/hardware/mlx_metrics.go:95.5,97.38 2 1
github.com/fusion-gateway/fusion-gateway/internal/hardware/mlx_metrics.go:97.38,99.23 2 1
github.com/fusion-gateway/fusion-gateway/internal/hardware/mlx_metrics.go:99.23,101.10 1 0
github.com/fusion-gateway/fusion-gateway/internal/hardware/mlx_metrics.go:102.9,102.30 1 1
github.com/fusion-gateway/fusion-gateway/internal/hardware/mlx_metrics.go:105.5,105.45 1 1
github.com/fusion-gateway/fusion-gateway/internal/hardware/swap_darwin.go:10.63,12.19 2 1
github.com/fusion-gateway/fusion-gateway/internal/hardware/swap_darwin.go:12.19,14.6 1 1
github.com/fusion-gateway/fusion-gateway/internal/hardware/swap_darwin.go:16.5,17.19 2 0
github.com/fusion-gateway/fusion-gateway/internal/hardware/swap_darwin.go:17.19,19.6 1 0
github.com/fusion-gateway/fusion-gateway/internal/hardware/swap_darwin.go:21.5,21.32 1 0
github.com/fusion-gateway/fusion-gateway/internal/hardware/swap_darwin.go:24.49,26.19 2 1
github.com/fusion-gateway/fusion-gateway/internal/hardware/swap_darwin.go:26.19,28.6 1 1
github.com/fusion-gateway/fusion-gateway/internal/hardware/swap_darwin.go:29.5,30.42 2 0
